{
"contracts\\base\\AddressList.sol":{"l":{"22":3,"26":0,"30":0,"34":0,"38":0,"39":0,"40":0,"47":0,"48":0,"49":0,"50":0,"55":0,"56":0,"57":0,"58":0,"64":0,"65":0,"66":0,"67":0,"72":0,"73":0,"74":0,"75":0,"81":0},"path":"D:\\work\\kaki-mono.sol\\contracts\\base\\AddressList.sol","s":{"1":3,"2":0,"3":0,"4":0,"5":0,"6":0,"7":0,"8":0,"9":0,"10":0,"11":0,"12":0,"13":0,"14":0,"15":0,"16":0,"17":0,"18":0,"19":0,"20":0,"21":0,"22":0,"23":0,"24":0},"b":{"1":[0,0],"2":[0,0],"3":[0,0],"4":[0,0]},"f":{"1":3,"2":0,"3":0,"4":0,"5":0,"6":0,"7":0,"8":0,"9":0,"10":0},"fnMap":{"1":{"name":"initialize","line":21,"loc":{"start":{"line":21,"column":4},"end":{"line":23,"column":4}}},"2":{"name":"isInAddressList","line":25,"loc":{"start":{"line":25,"column":4},"end":{"line":27,"column":4}}},"3":{"name":"length","line":29,"loc":{"start":{"line":29,"column":4},"end":{"line":31,"column":4}}},"4":{"name":"addressAt","line":33,"loc":{"start":{"line":33,"column":4},"end":{"line":35,"column":4}}},"5":{"name":"addressRange","line":37,"loc":{"start":{"line":37,"column":4},"end":{"line":42,"column":4}}},"6":{"name":"addToAddressList","line":46,"loc":{"start":{"line":46,"column":4},"end":{"line":52,"column":4}}},"7":{"name":"tryAddAddresses","line":54,"loc":{"start":{"line":54,"column":4},"end":{"line":61,"column":4}}},"8":{"name":"deleteAddresses","line":63,"loc":{"start":{"line":63,"column":4},"end":{"line":69,"column":4}}},"9":{"name":"tryDeleteAddresses","line":71,"loc":{"start":{"line":71,"column":4},"end":{"line":78,"column":4}}},"10":{"name":"version","line":80,"loc":{"start":{"line":80,"column":4},"end":{"line":82,"column":4}}}},"statementMap":{"1":{"start":{"line":22,"column":8},"end":{"line":22,"column":29}},"2":{"start":{"line":26,"column":8},"end":{"line":26,"column":45}},"3":{"start":{"line":30,"column":8},"end":{"line":30,"column":36}},"4":{"start":{"line":34,"column":8},"end":{"line":34,"column":37}},"5":{"start":{"line":38,"column":8},"end":{"line":38,"column":43}},"6":{"start":{"line":39,"column":8},"end":{"line":39,"column":1357}},"7":{"start":{"line":40,"column":12},"end":{"line":40,"column":38}},"8":{"start":{"line":47,"column":8},"end":{"line":47,"column":38}},"9":{"start":{"line":48,"column":8},"end":{"line":48,"column":1606}},"10":{"start":{"line":49,"column":12},"end":{"line":49,"column":84}},"11":{"start":{"line":50,"column":12},"end":{"line":50,"column":41}},"12":{"start":{"line":55,"column":8},"end":{"line":55,"column":38}},"13":{"start":{"line":56,"column":8},"end":{"line":56,"column":1914}},"14":{"start":{"line":57,"column":12},"end":{"line":57,"column":1966}},"15":{"start":{"line":58,"column":16},"end":{"line":58,"column":45}},"16":{"start":{"line":64,"column":8},"end":{"line":64,"column":38}},"17":{"start":{"line":65,"column":8},"end":{"line":65,"column":2203}},"18":{"start":{"line":66,"column":12},"end":{"line":66,"column":87}},"19":{"start":{"line":67,"column":12},"end":{"line":67,"column":44}},"20":{"start":{"line":72,"column":8},"end":{"line":72,"column":38}},"21":{"start":{"line":73,"column":8},"end":{"line":73,"column":2520}},"22":{"start":{"line":74,"column":12},"end":{"line":74,"column":2572}},"23":{"start":{"line":75,"column":16},"end":{"line":75,"column":48}},"24":{"start":{"line":81,"column":8},"end":{"line":81,"column":16}}},"branchMap":{"1":{"line":49,"type":"if","locations":[{"start":{"line":49,"column":12},"end":{"line":49,"column":12}},{"start":{"line":49,"column":12},"end":{"line":49,"column":12}}]},"2":{"line":57,"type":"if","locations":[{"start":{"line":57,"column":12},"end":{"line":57,"column":12}},{"start":{"line":57,"column":12},"end":{"line":57,"column":12}}]},"3":{"line":66,"type":"if","locations":[{"start":{"line":66,"column":12},"end":{"line":66,"column":12}},{"start":{"line":66,"column":12},"end":{"line":66,"column":12}}]},"4":{"line":74,"type":"if","locations":[{"start":{"line":74,"column":12},"end":{"line":74,"column":12}},{"start":{"line":74,"column":12},"end":{"line":74,"column":12}}]}}},
"contracts\\base\\AllowERC721.sol":{"l":{"14":0,"15":0,"16":0,"25":0,"29":0,"33":0,"34":0,"35":0,"36":0,"37":0,"42":0,"43":0,"44":0,"45":0,"58":0,"70":0,"83":0},"path":"D:\\work\\kaki-mono.sol\\contracts\\base\\AllowERC721.sol","s":{"1":0,"2":0,"3":0,"4":0,"5":0,"6":0,"7":0,"8":0,"9":0,"10":0,"11":0,"12":0,"13":0,"14":0,"15":0,"16":0},"b":{"1":[0,0],"2":[0,0],"3":[0,0],"4":[0,0]},"f":{"1":0,"2":0,"3":0,"4":0,"5":0,"6":0,"7":0,"8":0},"fnMap":{"1":{"name":"checkAllowByTokenId","line":13,"loc":{"start":{"line":13,"column":4},"end":{"line":17,"column":4}}},"2":{"name":"allowTransfer","line":19,"loc":{"start":{"line":19,"column":4},"end":{"line":26,"column":4}}},"3":{"name":"__AllowERC721_init","line":28,"loc":{"start":{"line":28,"column":4},"end":{"line":30,"column":4}}},"4":{"name":"batchTransfer","line":32,"loc":{"start":{"line":32,"column":4},"end":{"line":39,"column":4}}},"5":{"name":"batchTransferSame","line":41,"loc":{"start":{"line":41,"column":4},"end":{"line":47,"column":4}}},"6":{"name":"safeTransferFrom","line":56,"loc":{"start":{"line":49,"column":4},"end":{"line":59,"column":4}}},"7":{"name":"transferFrom","line":68,"loc":{"start":{"line":61,"column":4},"end":{"line":71,"column":4}}},"8":{"name":"safeTransferFrom","line":81,"loc":{"start":{"line":73,"column":4},"end":{"line":84,"column":4}}}},"statementMap":{"1":{"start":{"line":14,"column":8},"end":{"line":14,"column":47}},"2":{"start":{"line":15,"column":8},"end":{"line":15,"column":32}},"3":{"start":{"line":25,"column":8},"end":{"line":25,"column":21}},"4":{"start":{"line":29,"column":8},"end":{"line":29,"column":39}},"5":{"start":{"line":33,"column":8},"end":{"line":33,"column":33}},"6":{"start":{"line":34,"column":8},"end":{"line":34,"column":47}},"7":{"start":{"line":35,"column":8},"end":{"line":35,"column":1113}},"8":{"start":{"line":36,"column":12},"end":{"line":36,"column":66}},"9":{"start":{"line":37,"column":12},"end":{"line":37,"column":52}},"10":{"start":{"line":42,"column":8},"end":{"line":42,"column":37}},"11":{"start":{"line":43,"column":8},"end":{"line":43,"column":1435}},"12":{"start":{"line":44,"column":12},"end":{"line":44,"column":66}},"13":{"start":{"line":45,"column":12},"end":{"line":45,"column":49}},"14":{"start":{"line":58,"column":8},"end":{"line":58,"column":48}},"15":{"start":{"line":70,"column":8},"end":{"line":70,"column":44}},"16":{"start":{"line":83,"column":8},"end":{"line":83,"column":54}}},"branchMap":{"1":{"line":15,"type":"if","locations":[{"start":{"line":15,"column":8},"end":{"line":15,"column":8}},{"start":{"line":15,"column":8},"end":{"line":15,"column":8}}]},"2":{"line":34,"type":"if","locations":[{"start":{"line":34,"column":8},"end":{"line":34,"column":8}},{"start":{"line":34,"column":8},"end":{"line":34,"column":8}}]},"3":{"line":36,"type":"if","locations":[{"start":{"line":36,"column":12},"end":{"line":36,"column":12}},{"start":{"line":36,"column":12},"end":{"line":36,"column":12}}]},"4":{"line":44,"type":"if","locations":[{"start":{"line":44,"column":12},"end":{"line":44,"column":12}},{"start":{"line":44,"column":12},"end":{"line":44,"column":12}}]}}},
"contracts\\base\\BaseERC721.sol":{"l":{"15":12,"16":12,"17":12,"21":290,"25":0,"29":301,"33":0,"34":0,"35":0,"36":0,"38":0,"48":0,"52":0,"53":0,"54":0,"55":0,"60":0,"61":0,"62":0,"67":0,"68":0,"82":0},"path":"D:\\work\\kaki-mono.sol\\contracts\\base\\BaseERC721.sol","s":{"1":12,"2":12,"3":12,"4":289,"5":0,"6":301,"7":0,"8":0,"9":0,"10":0,"11":0,"12":0,"13":0,"14":0,"15":0,"16":0,"17":0,"18":0,"19":0,"20":0,"21":0,"22":0},"b":{"1":[0,0],"2":[0,0]},"f":{"1":12,"2":290,"3":0,"4":301,"5":0,"6":0,"7":0,"8":0,"9":0,"10":0},"fnMap":{"1":{"name":"__BaseERC721_init","line":14,"loc":{"start":{"line":14,"column":4},"end":{"line":18,"column":4}}},"2":{"name":"increaceTokenId","line":20,"loc":{"start":{"line":20,"column":4},"end":{"line":22,"column":4}}},"3":{"name":"setBaseTokenURI","line":24,"loc":{"start":{"line":24,"column":4},"end":{"line":26,"column":4}}},"4":{"name":"totalMinted","line":28,"loc":{"start":{"line":28,"column":4},"end":{"line":30,"column":4}}},"5":{"name":"tokensOfOwner","line":32,"loc":{"start":{"line":32,"column":4},"end":{"line":39,"column":4}}},"6":{"name":"supportsInterface","line":41,"loc":{"start":{"line":41,"column":4},"end":{"line":49,"column":4}}},"7":{"name":"batchTransfer","line":51,"loc":{"start":{"line":51,"column":4},"end":{"line":57,"column":4}}},"8":{"name":"batchTransferSame","line":59,"loc":{"start":{"line":59,"column":4},"end":{"line":64,"column":4}}},"9":{"name":"burn","line":66,"loc":{"start":{"line":66,"column":4},"end":{"line":69,"column":4}}},"10":{"name":"onERC721Received","line":76,"loc":{"start":{"line":76,"column":4},"end":{"line":83,"column":4}}}},"statementMap":{"1":{"start":{"line":15,"column":8},"end":{"line":15,"column":29}},"2":{"start":{"line":16,"column":8},"end":{"line":16,"column":32}},"3":{"start":{"line":17,"column":8},"end":{"line":17,"column":35}},"4":{"start":{"line":21,"column":8},"end":{"line":21,"column":34}},"5":{"start":{"line":25,"column":8},"end":{"line":25,"column":31}},"6":{"start":{"line":29,"column":8},"end":{"line":29,"column":40}},"7":{"start":{"line":33,"column":8},"end":{"line":33,"column":46}},"8":{"start":{"line":34,"column":8},"end":{"line":34,"column":61}},"9":{"start":{"line":35,"column":8},"end":{"line":35,"column":1284}},"10":{"start":{"line":36,"column":12},"end":{"line":36,"column":55}},"11":{"start":{"line":38,"column":8},"end":{"line":38,"column":23}},"12":{"start":{"line":48,"column":8},"end":{"line":48,"column":51}},"13":{"start":{"line":52,"column":8},"end":{"line":52,"column":33}},"14":{"start":{"line":53,"column":8},"end":{"line":53,"column":47}},"15":{"start":{"line":54,"column":8},"end":{"line":54,"column":1917}},"16":{"start":{"line":55,"column":12},"end":{"line":55,"column":52}},"17":{"start":{"line":60,"column":8},"end":{"line":60,"column":37}},"18":{"start":{"line":61,"column":8},"end":{"line":61,"column":2170}},"19":{"start":{"line":62,"column":12},"end":{"line":62,"column":49}},"20":{"start":{"line":67,"column":8},"end":{"line":67,"column":83}},"21":{"start":{"line":68,"column":8},"end":{"line":68,"column":21}},"22":{"start":{"line":82,"column":8},"end":{"line":82,"column":45}}},"branchMap":{"1":{"line":53,"type":"if","locations":[{"start":{"line":53,"column":8},"end":{"line":53,"column":8}},{"start":{"line":53,"column":8},"end":{"line":53,"column":8}}]},"2":{"line":67,"type":"if","locations":[{"start":{"line":67,"column":8},"end":{"line":67,"column":8}},{"start":{"line":67,"column":8},"end":{"line":67,"column":8}}]}}},
"contracts\\base\\ChainlinkRandoms.sol":{"l":{"46":0,"47":0,"49":0,"54":0,"58":0,"67":0,"68":0,"72":0,"76":0,"80":0,"90":0,"95":0,"100":0,"101":0},"path":"D:\\work\\kaki-mono.sol\\contracts\\base\\ChainlinkRandoms.sol","s":{"1":0,"2":0,"3":0,"4":0,"5":0,"6":0,"7":0,"8":0,"9":0,"10":0,"11":0,"12":0,"13":0},"b":{"1":[0,0],"2":[0,0],"3":[0,0]},"f":{"1":0,"2":0,"3":0,"4":0,"5":0,"6":0,"7":0,"8":0,"9":0},"fnMap":{"1":{"name":"constructor","line":44,"loc":{"start":{"line":35,"column":4},"end":{"line":50,"column":4}}},"2":{"name":"getRandomSeed","line":53,"loc":{"start":{"line":53,"column":4},"end":{"line":55,"column":4}}},"3":{"name":"getRandomSeedUsingHash","line":57,"loc":{"start":{"line":57,"column":4},"end":{"line":59,"column":4}}},"4":{"name":"requestRandomNumber","line":66,"loc":{"start":{"line":66,"column":4},"end":{"line":73,"column":4}}},"5":{"name":"pause","line":75,"loc":{"start":{"line":75,"column":4},"end":{"line":77,"column":4}}},"6":{"name":"unpause","line":79,"loc":{"start":{"line":79,"column":4},"end":{"line":81,"column":4}}},"7":{"name":"fulfillRandomness","line":86,"loc":{"start":{"line":86,"column":4},"end":{"line":91,"column":4}}},"8":{"name":"withdrawLink","line":93,"loc":{"start":{"line":93,"column":4},"end":{"line":96,"column":4}}},"9":{"name":"onlyOwner","line":99,"loc":{"start":{"line":99,"column":4},"end":{"line":102,"column":4}}}},"statementMap":{"1":{"start":{"line":46,"column":8},"end":{"line":46,"column":25}},"2":{"start":{"line":47,"column":8},"end":{"line":47,"column":17}},"3":{"start":{"line":49,"column":8},"end":{"line":49,"column":49}},"4":{"start":{"line":54,"column":8},"end":{"line":54,"column":72}},"5":{"start":{"line":58,"column":8},"end":{"line":58,"column":80}},"6":{"start":{"line":67,"column":8},"end":{"line":67,"column":87}},"7":{"start":{"line":68,"column":8},"end":{"line":68,"column":71}},"8":{"start":{"line":72,"column":8},"end":{"line":72,"column":38}},"9":{"start":{"line":76,"column":8},"end":{"line":76,"column":15}},"10":{"start":{"line":80,"column":8},"end":{"line":80,"column":17}},"11":{"start":{"line":90,"column":8},"end":{"line":90,"column":24}},"12":{"start":{"line":95,"column":8},"end":{"line":95,"column":66}},"13":{"start":{"line":100,"column":8},"end":{"line":100,"column":68}}},"branchMap":{"1":{"line":67,"type":"if","locations":[{"start":{"line":67,"column":8},"end":{"line":67,"column":8}},{"start":{"line":67,"column":8},"end":{"line":67,"column":8}}]},"2":{"line":68,"type":"if","locations":[{"start":{"line":68,"column":8},"end":{"line":68,"column":8}},{"start":{"line":68,"column":8},"end":{"line":68,"column":8}}]},"3":{"line":100,"type":"if","locations":[{"start":{"line":100,"column":8},"end":{"line":100,"column":8}},{"start":{"line":100,"column":8},"end":{"line":100,"column":8}}]}}},
"contracts\\base\\RandomUtil.sol":{"l":{"19":141,"20":141,"21":141,"22":141,"26":0,"30":0},"path":"D:\\work\\kaki-mono.sol\\contracts\\base\\RandomUtil.sol","s":{"1":141,"2":141,"3":141,"4":141,"5":0,"6":0},"b":{},"f":{"1":141,"2":0,"3":0},"fnMap":{"1":{"name":"randomSeededMinMax","line":12,"loc":{"start":{"line":12,"column":4},"end":{"line":23,"column":4}}},"2":{"name":"combineSeeds","line":25,"loc":{"start":{"line":25,"column":4},"end":{"line":27,"column":4}}},"3":{"name":"combineSeeds","line":29,"loc":{"start":{"line":29,"column":4},"end":{"line":31,"column":4}}}},"statementMap":{"1":{"start":{"line":19,"column":8},"end":{"line":19,"column":42}},"2":{"start":{"line":20,"column":8},"end":{"line":20,"column":80}},"3":{"start":{"line":21,"column":8},"end":{"line":21,"column":37}},"4":{"start":{"line":22,"column":8},"end":{"line":22,"column":24}},"5":{"start":{"line":26,"column":8},"end":{"line":26,"column":65}},"6":{"start":{"line":30,"column":8},"end":{"line":30,"column":58}}},"branchMap":{}},
"contracts\\base\\WithAddressList.sol":{"l":{"12":0,"13":0,"17":0,"18":0,"22":0,"23":0,"27":0,"28":0,"33":0,"37":0,"41":0},"path":"D:\\work\\kaki-mono.sol\\contracts\\base\\WithAddressList.sol","s":{"1":0,"2":0,"3":0,"4":0,"5":0,"6":0,"7":0,"8":0,"9":0,"10":0},"b":{"1":[0,0],"2":[0,0]},"f":{"1":0,"2":0,"3":0,"4":0,"5":0,"6":0,"7":0},"fnMap":{"1":{"name":"__WithAllowList_init","line":11,"loc":{"start":{"line":11,"column":4},"end":{"line":14,"column":4}}},"2":{"name":"__WithAllowList_unchained","line":16,"loc":{"start":{"line":16,"column":4},"end":{"line":19,"column":4}}},"3":{"name":"checkIsInAddressList","line":21,"loc":{"start":{"line":21,"column":4},"end":{"line":24,"column":4}}},"4":{"name":"_checkInAddressList","line":26,"loc":{"start":{"line":26,"column":4},"end":{"line":30,"column":4}}},"5":{"name":"setIsNeedAddressList","line":32,"loc":{"start":{"line":32,"column":4},"end":{"line":34,"column":4}}},"6":{"name":"setAddressList","line":36,"loc":{"start":{"line":36,"column":4},"end":{"line":38,"column":4}}},"7":{"name":"isInAddressList","line":40,"loc":{"start":{"line":40,"column":4},"end":{"line":42,"column":4}}}},"statementMap":{"1":{"start":{"line":12,"column":8},"end":{"line":12,"column":29}},"2":{"start":{"line":13,"column":8},"end":{"line":13,"column":62}},"3":{"start":{"line":17,"column":8},"end":{"line":17,"column":41}},"4":{"start":{"line":18,"column":8},"end":{"line":18,"column":33}},"5":{"start":{"line":22,"column":8},"end":{"line":22,"column":28}},"6":{"start":{"line":27,"column":8},"end":{"line":27,"column":821}},"7":{"start":{"line":28,"column":12},"end":{"line":28,"column":75}},"8":{"start":{"line":33,"column":8},"end":{"line":33,"column":32}},"9":{"start":{"line":37,"column":8},"end":{"line":37,"column":33}},"10":{"start":{"line":41,"column":8},"end":{"line":41,"column":52}}},"branchMap":{"1":{"line":27,"type":"if","locations":[{"start":{"line":27,"column":8},"end":{"line":27,"column":8}},{"start":{"line":27,"column":8},"end":{"line":27,"column":8}}]},"2":{"line":28,"type":"if","locations":[{"start":{"line":28,"column":12},"end":{"line":28,"column":12}},{"start":{"line":28,"column":12},"end":{"line":28,"column":12}}]}}},
"contracts\\base\\WithAdminRole.sol":{"l":{"11":36,"12":36,"13":36,"17":0,"18":0,"38":268,"39":268,"43":12,"44":12,"48":84,"52":0},"path":"D:\\work\\kaki-mono.sol\\contracts\\base\\WithAdminRole.sol","s":{"1":36,"2":36,"3":36,"4":0,"5":268,"6":12,"7":84,"8":0},"b":{"1":[0,0],"2":[268,0],"3":[12,0]},"f":{"1":36,"2":0,"3":268,"4":12,"5":84,"6":0},"fnMap":{"1":{"name":"__WithAdminRole_init","line":10,"loc":{"start":{"line":10,"column":4},"end":{"line":14,"column":4}}},"2":{"name":"onlyNonContract","line":16,"loc":{"start":{"line":16,"column":4},"end":{"line":19,"column":4}}},"3":{"name":"restricted","line":37,"loc":{"start":{"line":37,"column":4},"end":{"line":40,"column":4}}},"4":{"name":"onlyOwner","line":42,"loc":{"start":{"line":42,"column":4},"end":{"line":45,"column":4}}},"5":{"name":"setupAdmin","line":47,"loc":{"start":{"line":47,"column":4},"end":{"line":49,"column":4}}},"6":{"name":"revokeAdmin","line":51,"loc":{"start":{"line":51,"column":4},"end":{"line":53,"column":4}}}},"statementMap":{"1":{"start":{"line":11,"column":8},"end":{"line":11,"column":29}},"2":{"start":{"line":12,"column":8},"end":{"line":12,"column":49}},"3":{"start":{"line":13,"column":8},"end":{"line":13,"column":41}},"4":{"start":{"line":17,"column":8},"end":{"line":17,"column":46}},"5":{"start":{"line":38,"column":8},"end":{"line":38,"column":54}},"6":{"start":{"line":43,"column":8},"end":{"line":43,"column":63}},"7":{"start":{"line":48,"column":8},"end":{"line":48,"column":32}},"8":{"start":{"line":52,"column":8},"end":{"line":52,"column":33}}},"branchMap":{"1":{"line":17,"type":"if","locations":[{"start":{"line":17,"column":8},"end":{"line":17,"column":8}},{"start":{"line":17,"column":8},"end":{"line":17,"column":8}}]},"2":{"line":38,"type":"if","locations":[{"start":{"line":38,"column":8},"end":{"line":38,"column":8}},{"start":{"line":38,"column":8},"end":{"line":38,"column":8}}]},"3":{"line":43,"type":"if","locations":[{"start":{"line":43,"column":8},"end":{"line":43,"column":8}},{"start":{"line":43,"column":8},"end":{"line":43,"column":8}}]}}},
"contracts\\base\\WithRandom.sol":{"l":{"12":6,"16":6,"20":141,"21":141,"29":0,"32":0,"36":0},"path":"D:\\work\\kaki-mono.sol\\contracts\\base\\WithRandom.sol","s":{"1":6,"2":6,"3":141,"4":141,"5":0,"6":0,"7":0},"b":{},"f":{"1":6,"2":6,"3":141,"4":0,"5":0},"fnMap":{"1":{"name":"__WithRandom_init","line":11,"loc":{"start":{"line":11,"column":4},"end":{"line":13,"column":4}}},"2":{"name":"__WithRandom_init_unchained","line":15,"loc":{"start":{"line":15,"column":4},"end":{"line":17,"column":4}}},"3":{"name":"random","line":19,"loc":{"start":{"line":19,"column":4},"end":{"line":22,"column":4}}},"4":{"name":"randomWithSeed","line":24,"loc":{"start":{"line":24,"column":4},"end":{"line":33,"column":4}}},"5":{"name":"currentDayth","line":35,"loc":{"start":{"line":35,"column":4},"end":{"line":37,"column":4}}}},"statementMap":{"1":{"start":{"line":12,"column":8},"end":{"line":12,"column":43}},"2":{"start":{"line":16,"column":8},"end":{"line":16,"column":25}},"3":{"start":{"line":20,"column":8},"end":{"line":20,"column":57}},"4":{"start":{"line":21,"column":8},"end":{"line":21,"column":68}},"5":{"start":{"line":29,"column":8},"end":{"line":29,"column":904}},"6":{"start":{"line":32,"column":8},"end":{"line":32,"column":72}},"7":{"start":{"line":36,"column":8},"end":{"line":36,"column":44}}},"branchMap":{}},
"contracts\\base\\WithRecover.sol":{"l":{"11":0,"15":0,"19":0,"23":0,"24":0},"path":"D:\\work\\kaki-mono.sol\\contracts\\base\\WithRecover.sol","s":{"1":0,"2":0,"3":0,"4":0,"5":0},"b":{},"f":{"1":0,"2":0,"3":0,"4":0,"5":0},"fnMap":{"1":{"name":"__WithRecover_init","line":10,"loc":{"start":{"line":10,"column":4},"end":{"line":12,"column":4}}},"2":{"name":"recoverERC20","line":14,"loc":{"start":{"line":14,"column":4},"end":{"line":16,"column":4}}},"3":{"name":"withDraw","line":18,"loc":{"start":{"line":18,"column":4},"end":{"line":20,"column":4}}},"4":{"name":"recoverERC721","line":22,"loc":{"start":{"line":22,"column":4},"end":{"line":26,"column":4}}},"5":{"name":null,"line":28,"loc":{"start":{"line":28,"column":4},"end":{"line":28,"column":41}}}},"statementMap":{"1":{"start":{"line":11,"column":8},"end":{"line":11,"column":29}},"2":{"start":{"line":15,"column":8},"end":{"line":15,"column":42}},"3":{"start":{"line":19,"column":8},"end":{"line":19,"column":40}},"4":{"start":{"line":23,"column":8},"end":{"line":23,"column":833}},"5":{"start":{"line":24,"column":12},"end":{"line":24,"column":74}}},"branchMap":{}},
"contracts\\captain\\CaptainClaim.sol":{"l":{"36":0,"37":0,"43":3,"44":3,"45":3,"46":3,"47":3,"48":3,"49":3,"50":3,"51":3,"55":0,"56":0,"60":0,"61":0,"76":0,"77":0,"78":0,"79":0,"80":0,"81":0,"82":0,"83":0,"87":0,"88":0,"89":0,"90":0,"91":0,"95":0,"96":0,"97":0,"98":0,"103":0,"107":0,"111":0,"116":0,"117":0,"122":0,"126":0,"130":0,"142":0,"146":0,"150":0,"151":0,"155":0,"156":0,"160":0,"161":0,"162":0,"166":0,"170":0},"path":"D:\\work\\kaki-mono.sol\\contracts\\captain\\CaptainClaim.sol","s":{"1":0,"2":3,"3":3,"4":3,"5":3,"6":3,"7":3,"8":3,"9":3,"10":3,"11":0,"12":0,"13":0,"14":0,"15":0,"16":0,"17":0,"18":0,"19":0,"20":0,"21":0,"22":0,"23":0,"24":0,"25":0,"26":0,"27":0,"28":0,"29":0,"30":0,"31":0,"32":0,"33":0,"34":0,"35":0,"36":0,"37":0,"38":0,"39":0,"40":0,"41":0,"42":0,"43":0,"44":0,"45":0},"b":{"1":[0,0],"2":[0,0],"3":[0,0],"4":[0,0],"5":[0,0],"6":[0,0],"7":[0,0],"8":[0,0],"9":[0,0]},"f":{"1":0,"2":3,"3":0,"4":0,"5":0,"6":0,"7":0,"8":0,"9":0,"10":0,"11":0,"12":0,"13":0,"14":0,"15":0,"16":0,"17":0,"18":0,"19":0,"20":0,"21":0},"fnMap":{"1":{"name":"onlyNoneContract","line":35,"loc":{"start":{"line":35,"column":4},"end":{"line":38,"column":4}}},"2":{"name":"initialize","line":42,"loc":{"start":{"line":42,"column":4},"end":{"line":52,"column":4}}},"3":{"name":"isAble","line":54,"loc":{"start":{"line":54,"column":4},"end":{"line":57,"column":4}}},"4":{"name":"isSwitchAble","line":59,"loc":{"start":{"line":59,"column":4},"end":{"line":62,"column":4}}},"5":{"name":"mint","line":74,"loc":{"start":{"line":74,"column":4},"end":{"line":84,"column":4}}},"6":{"name":"switchByBox","line":86,"loc":{"start":{"line":86,"column":4},"end":{"line":92,"column":4}}},"7":{"name":"getRandId","line":94,"loc":{"start":{"line":94,"column":4},"end":{"line":99,"column":4}}},"8":{"name":"getList","line":102,"loc":{"start":{"line":102,"column":4},"end":{"line":104,"column":4}}},"9":{"name":"getTotalMint","line":106,"loc":{"start":{"line":106,"column":4},"end":{"line":108,"column":4}}},"10":{"name":"getMintTime","line":110,"loc":{"start":{"line":110,"column":4},"end":{"line":112,"column":4}}},"11":{"name":"setTokenIdList","line":115,"loc":{"start":{"line":115,"column":4},"end":{"line":119,"column":4}}},"12":{"name":"setTicketPrice","line":121,"loc":{"start":{"line":121,"column":4},"end":{"line":123,"column":4}}},"13":{"name":"setCapAdd","line":125,"loc":{"start":{"line":125,"column":4},"end":{"line":127,"column":4}}},"14":{"name":"setLimit","line":129,"loc":{"start":{"line":129,"column":4},"end":{"line":131,"column":4}}},"15":{"name":"setSwitchAble","line":141,"loc":{"start":{"line":141,"column":4},"end":{"line":143,"column":4}}},"16":{"name":"setAble","line":145,"loc":{"start":{"line":145,"column":4},"end":{"line":147,"column":4}}},"17":{"name":"setClaimLimit","line":149,"loc":{"start":{"line":149,"column":4},"end":{"line":152,"column":4}}},"18":{"name":"setFoundAdd","line":154,"loc":{"start":{"line":154,"column":4},"end":{"line":157,"column":4}}},"19":{"name":"sendToFoundation","line":159,"loc":{"start":{"line":159,"column":4},"end":{"line":163,"column":4}}},"20":{"name":"setMysteryAdd","line":165,"loc":{"start":{"line":165,"column":4},"end":{"line":167,"column":4}}},"21":{"name":"version","line":169,"loc":{"start":{"line":169,"column":4},"end":{"line":171,"column":4}}}},"statementMap":{"1":{"start":{"line":36,"column":8},"end":{"line":36,"column":65}},"2":{"start":{"line":43,"column":8},"end":{"line":43,"column":29}},"3":{"start":{"line":44,"column":8},"end":{"line":44,"column":34}},"4":{"start":{"line":45,"column":8},"end":{"line":45,"column":24}},"5":{"start":{"line":46,"column":8},"end":{"line":46,"column":26}},"6":{"start":{"line":47,"column":8},"end":{"line":47,"column":29}},"7":{"start":{"line":48,"column":8},"end":{"line":48,"column":22}},"8":{"start":{"line":49,"column":8},"end":{"line":49,"column":21}},"9":{"start":{"line":50,"column":8},"end":{"line":50,"column":19}},"10":{"start":{"line":51,"column":8},"end":{"line":51,"column":67}},"11":{"start":{"line":55,"column":8},"end":{"line":55,"column":42}},"12":{"start":{"line":60,"column":8},"end":{"line":60,"column":48}},"13":{"start":{"line":76,"column":8},"end":{"line":76,"column":57}},"14":{"start":{"line":77,"column":8},"end":{"line":77,"column":39}},"15":{"start":{"line":78,"column":8},"end":{"line":78,"column":73}},"16":{"start":{"line":79,"column":8},"end":{"line":79,"column":28}},"17":{"start":{"line":80,"column":8},"end":{"line":80,"column":41}},"18":{"start":{"line":83,"column":8},"end":{"line":83,"column":38}},"19":{"start":{"line":87,"column":8},"end":{"line":87,"column":67}},"20":{"start":{"line":88,"column":8},"end":{"line":88,"column":28}},"21":{"start":{"line":89,"column":8},"end":{"line":89,"column":41}},"22":{"start":{"line":91,"column":8},"end":{"line":91,"column":38}},"23":{"start":{"line":95,"column":8},"end":{"line":95,"column":58}},"24":{"start":{"line":96,"column":8},"end":{"line":96,"column":40}},"25":{"start":{"line":97,"column":8},"end":{"line":97,"column":68}},"26":{"start":{"line":98,"column":8},"end":{"line":98,"column":24}},"27":{"start":{"line":103,"column":8},"end":{"line":103,"column":27}},"28":{"start":{"line":107,"column":8},"end":{"line":107,"column":21}},"29":{"start":{"line":111,"column":8},"end":{"line":111,"column":44}},"30":{"start":{"line":116,"column":8},"end":{"line":116,"column":4073}},"31":{"start":{"line":117,"column":12},"end":{"line":117,"column":30}},"32":{"start":{"line":122,"column":8},"end":{"line":122,"column":29}},"33":{"start":{"line":126,"column":8},"end":{"line":126,"column":38}},"34":{"start":{"line":130,"column":8},"end":{"line":130,"column":24}},"35":{"start":{"line":142,"column":8},"end":{"line":142,"column":33}},"36":{"start":{"line":146,"column":8},"end":{"line":146,"column":21}},"37":{"start":{"line":150,"column":8},"end":{"line":150,"column":57}},"38":{"start":{"line":151,"column":8},"end":{"line":151,"column":34}},"39":{"start":{"line":155,"column":8},"end":{"line":155,"column":59}},"40":{"start":{"line":156,"column":8},"end":{"line":156,"column":36}},"41":{"start":{"line":160,"column":8},"end":{"line":160,"column":46}},"42":{"start":{"line":161,"column":8},"end":{"line":161,"column":78}},"43":{"start":{"line":162,"column":8},"end":{"line":162,"column":46}},"44":{"start":{"line":166,"column":8},"end":{"line":166,"column":25}},"45":{"start":{"line":170,"column":8},"end":{"line":170,"column":16}}},"branchMap":{"1":{"line":36,"type":"if","locations":[{"start":{"line":36,"column":8},"end":{"line":36,"column":8}},{"start":{"line":36,"column":8},"end":{"line":36,"column":8}}]},"2":{"line":55,"type":"if","locations":[{"start":{"line":55,"column":8},"end":{"line":55,"column":8}},{"start":{"line":55,"column":8},"end":{"line":55,"column":8}}]},"3":{"line":60,"type":"if","locations":[{"start":{"line":60,"column":8},"end":{"line":60,"column":8}},{"start":{"line":60,"column":8},"end":{"line":60,"column":8}}]},"4":{"line":76,"type":"if","locations":[{"start":{"line":76,"column":8},"end":{"line":76,"column":8}},{"start":{"line":76,"column":8},"end":{"line":76,"column":8}}]},"5":{"line":77,"type":"if","locations":[{"start":{"line":77,"column":8},"end":{"line":77,"column":8}},{"start":{"line":77,"column":8},"end":{"line":77,"column":8}}]},"6":{"line":78,"type":"if","locations":[{"start":{"line":78,"column":8},"end":{"line":78,"column":8}},{"start":{"line":78,"column":8},"end":{"line":78,"column":8}}]},"7":{"line":150,"type":"if","locations":[{"start":{"line":150,"column":8},"end":{"line":150,"column":8}},{"start":{"line":150,"column":8},"end":{"line":150,"column":8}}]},"8":{"line":155,"type":"if","locations":[{"start":{"line":155,"column":8},"end":{"line":155,"column":8}},{"start":{"line":155,"column":8},"end":{"line":155,"column":8}}]},"9":{"line":162,"type":"if","locations":[{"start":{"line":162,"column":8},"end":{"line":162,"column":8}},{"start":{"line":162,"column":8},"end":{"line":162,"column":8}}]}}},
"contracts\\captain\\KakiCaptain.sol":{"l":{"34":0,"35":0,"39":3,"40":3,"41":3,"42":3,"44":3,"45":3,"47":3,"48":3,"49":3,"51":3,"83":3,"115":3,"148":3,"149":3,"150":3,"152":3,"156":0,"160":0,"161":0,"162":0,"163":0,"167":0,"171":0,"172":0,"178":0,"179":0,"187":0,"188":0,"189":0,"193":0,"194":0,"202":0,"203":0,"204":0,"209":0,"210":0,"211":0,"212":0,"213":0,"216":0,"220":0,"221":0,"222":0,"226":0,"227":0,"228":0,"229":0,"230":0,"232":0,"233":0,"235":0,"237":0,"242":0,"246":0,"247":0,"248":0,"249":0,"253":0},"path":"D:\\work\\kaki-mono.sol\\contracts\\captain\\KakiCaptain.sol","s":{"1":0,"2":3,"3":3,"4":3,"5":3,"6":3,"7":3,"8":3,"9":3,"10":3,"11":3,"12":3,"13":3,"14":3,"15":3,"16":3,"17":3,"18":0,"19":0,"20":0,"21":0,"22":0,"23":0,"24":0,"25":0,"26":0,"27":0,"28":0,"29":0,"30":0,"31":0,"32":0,"33":0,"34":0,"35":0,"36":0,"37":0,"38":0,"39":0,"40":0,"41":0,"42":0,"43":0,"44":0,"45":0,"46":0,"47":0,"48":0,"49":0,"50":0,"51":0,"52":0,"53":0,"54":0,"55":0,"56":0,"57":0,"58":0,"59":0},"b":{"1":[0,0],"2":[0,0],"3":[0,0],"4":[0,0],"5":[0,0],"6":[0,0],"7":[0,0]},"f":{"1":0,"2":3,"3":0,"4":0,"5":0,"6":0,"7":0,"8":0,"9":0,"10":0,"11":0,"12":0,"13":0,"14":0,"15":0,"16":0},"fnMap":{"1":{"name":"isNLO","line":33,"loc":{"start":{"line":33,"column":4},"end":{"line":36,"column":4}}},"2":{"name":"initialize","line":38,"loc":{"start":{"line":38,"column":4},"end":{"line":153,"column":4}}},"3":{"name":"allowTransfer","line":155,"loc":{"start":{"line":155,"column":4},"end":{"line":157,"column":4}}},"4":{"name":"mint","line":159,"loc":{"start":{"line":159,"column":4},"end":{"line":164,"column":4}}},"5":{"name":"setCapTransfer","line":166,"loc":{"start":{"line":166,"column":4},"end":{"line":168,"column":4}}},"6":{"name":"setCapCreate","line":170,"loc":{"start":{"line":170,"column":4},"end":{"line":173,"column":4}}},"7":{"name":"setNLOAddress","line":177,"loc":{"start":{"line":177,"column":4},"end":{"line":180,"column":4}}},"8":{"name":"setMember","line":186,"loc":{"start":{"line":182,"column":4},"end":{"line":190,"column":4}}},"9":{"name":"setMiningRate","line":192,"loc":{"start":{"line":192,"column":4},"end":{"line":195,"column":4}}},"10":{"name":"setCombineRate","line":201,"loc":{"start":{"line":197,"column":4},"end":{"line":205,"column":4}}},"11":{"name":"getCapType","line":208,"loc":{"start":{"line":208,"column":4},"end":{"line":217,"column":4}}},"12":{"name":"getCapComb","line":219,"loc":{"start":{"line":219,"column":4},"end":{"line":223,"column":4}}},"13":{"name":"getCapInfo","line":225,"loc":{"start":{"line":225,"column":4},"end":{"line":239,"column":4}}},"14":{"name":"getCapStatus","line":241,"loc":{"start":{"line":241,"column":4},"end":{"line":243,"column":4}}},"15":{"name":"tokenURI","line":245,"loc":{"start":{"line":245,"column":4},"end":{"line":250,"column":4}}},"16":{"name":"version","line":252,"loc":{"start":{"line":252,"column":4},"end":{"line":254,"column":4}}}},"statementMap":{"1":{"start":{"line":34,"column":8},"end":{"line":34,"column":59}},"2":{"start":{"line":39,"column":8},"end":{"line":39,"column":45}},"3":{"start":{"line":40,"column":8},"end":{"line":40,"column":20}},"4":{"start":{"line":41,"column":8},"end":{"line":41,"column":23}},"5":{"start":{"line":42,"column":8},"end":{"line":42,"column":22}},"6":{"start":{"line":44,"column":8},"end":{"line":44,"column":26}},"7":{"start":{"line":45,"column":8},"end":{"line":45,"column":18}},"8":{"start":{"line":47,"column":8},"end":{"line":47,"column":26}},"9":{"start":{"line":48,"column":8},"end":{"line":48,"column":29}},"10":{"start":{"line":49,"column":8},"end":{"line":49,"column":27}},"11":{"start":{"line":51,"column":8},"end":{"line":51,"column":1374}},"12":{"start":{"line":83,"column":8},"end":{"line":83,"column":1929}},"13":{"start":{"line":115,"column":8},"end":{"line":115,"column":2485}},"14":{"start":{"line":148,"column":8},"end":{"line":148,"column":53}},"15":{"start":{"line":149,"column":8},"end":{"line":149,"column":73}},"16":{"start":{"line":150,"column":8},"end":{"line":150,"column":46}},"17":{"start":{"line":152,"column":8},"end":{"line":152,"column":62}},"18":{"start":{"line":156,"column":8},"end":{"line":156,"column":48}},"19":{"start":{"line":160,"column":8},"end":{"line":160,"column":41}},"20":{"start":{"line":161,"column":8},"end":{"line":161,"column":63}},"21":{"start":{"line":162,"column":8},"end":{"line":162,"column":27}},"22":{"start":{"line":163,"column":8},"end":{"line":163,"column":24}},"23":{"start":{"line":167,"column":8},"end":{"line":167,"column":71}},"24":{"start":{"line":171,"column":8},"end":{"line":171,"column":75}},"25":{"start":{"line":172,"column":8},"end":{"line":172,"column":71}},"26":{"start":{"line":178,"column":8},"end":{"line":178,"column":64}},"27":{"start":{"line":179,"column":8},"end":{"line":179,"column":26}},"28":{"start":{"line":187,"column":8},"end":{"line":187,"column":31}},"29":{"start":{"line":188,"column":8},"end":{"line":188,"column":37}},"30":{"start":{"line":189,"column":8},"end":{"line":189,"column":33}},"31":{"start":{"line":193,"column":8},"end":{"line":193,"column":43}},"32":{"start":{"line":194,"column":8},"end":{"line":194,"column":27}},"33":{"start":{"line":202,"column":8},"end":{"line":202,"column":41}},"34":{"start":{"line":203,"column":8},"end":{"line":203,"column":47}},"35":{"start":{"line":204,"column":8},"end":{"line":204,"column":43}},"36":{"start":{"line":209,"column":8},"end":{"line":209,"column":23}},"37":{"start":{"line":210,"column":8},"end":{"line":210,"column":6004}},"38":{"start":{"line":211,"column":12},"end":{"line":211,"column":6051}},"39":{"start":{"line":212,"column":16},"end":{"line":212,"column":30}},"40":{"start":{"line":216,"column":8},"end":{"line":216,"column":22}},"41":{"start":{"line":220,"column":8},"end":{"line":220,"column":23}},"42":{"start":{"line":221,"column":8},"end":{"line":221,"column":41}},"43":{"start":{"line":222,"column":8},"end":{"line":222,"column":22}},"44":{"start":{"line":226,"column":8},"end":{"line":226,"column":45}},"45":{"start":{"line":227,"column":8},"end":{"line":227,"column":36}},"46":{"start":{"line":228,"column":8},"end":{"line":228,"column":49}},"47":{"start":{"line":229,"column":8},"end":{"line":229,"column":46}},"48":{"start":{"line":230,"column":8},"end":{"line":230,"column":53}},"49":{"start":{"line":232,"column":8},"end":{"line":232,"column":6741}},"50":{"start":{"line":233,"column":12},"end":{"line":233,"column":39}},"51":{"start":{"line":234,"column":15},"end":{"line":234,"column":6819}},"52":{"start":{"line":235,"column":12},"end":{"line":235,"column":39}},"53":{"start":{"line":237,"column":12},"end":{"line":237,"column":39}},"54":{"start":{"line":242,"column":8},"end":{"line":242,"column":38}},"55":{"start":{"line":246,"column":8},"end":{"line":246,"column":83}},"56":{"start":{"line":247,"column":8},"end":{"line":247,"column":45}},"57":{"start":{"line":248,"column":8},"end":{"line":248,"column":82}},"58":{"start":{"line":249,"column":8},"end":{"line":249,"column":87}},"59":{"start":{"line":253,"column":8},"end":{"line":253,"column":16}}},"branchMap":{"1":{"line":34,"type":"if","locations":[{"start":{"line":34,"column":8},"end":{"line":34,"column":8}},{"start":{"line":34,"column":8},"end":{"line":34,"column":8}}]},"2":{"line":161,"type":"if","locations":[{"start":{"line":161,"column":8},"end":{"line":161,"column":8}},{"start":{"line":161,"column":8},"end":{"line":161,"column":8}}]},"3":{"line":178,"type":"if","locations":[{"start":{"line":178,"column":8},"end":{"line":178,"column":8}},{"start":{"line":178,"column":8},"end":{"line":178,"column":8}}]},"4":{"line":211,"type":"if","locations":[{"start":{"line":211,"column":12},"end":{"line":211,"column":12}},{"start":{"line":211,"column":12},"end":{"line":211,"column":12}}]},"5":{"line":232,"type":"if","locations":[{"start":{"line":232,"column":8},"end":{"line":232,"column":8}},{"start":{"line":232,"column":8},"end":{"line":232,"column":8}}]},"6":{"line":234,"type":"if","locations":[{"start":{"line":234,"column":15},"end":{"line":234,"column":15}},{"start":{"line":234,"column":15},"end":{"line":234,"column":15}}]},"7":{"line":246,"type":"if","locations":[{"start":{"line":246,"column":8},"end":{"line":246,"column":8}},{"start":{"line":246,"column":8},"end":{"line":246,"column":8}}]}}},
"contracts\\captain\\MysteryBox.sol":{"l":{"17":3,"23":0,"24":0,"29":0,"30":0,"31":0,"36":0,"41":0},"path":"D:\\work\\kaki-mono.sol\\contracts\\captain\\MysteryBox.sol","s":{"1":3,"2":0,"3":0,"4":0,"5":0,"6":0},"b":{},"f":{"1":3,"2":0,"3":0,"4":0,"5":0},"fnMap":{"1":{"name":"constructor","line":16,"loc":{"start":{"line":16,"column":4},"end":{"line":19,"column":4}}},"2":{"name":"mint","line":21,"loc":{"start":{"line":21,"column":4},"end":{"line":25,"column":4}}},"3":{"name":"batchMint","line":27,"loc":{"start":{"line":27,"column":4},"end":{"line":33,"column":4}}},"4":{"name":"tokenURI","line":35,"loc":{"start":{"line":35,"column":4},"end":{"line":37,"column":4}}},"5":{"name":"setTokenURI","line":40,"loc":{"start":{"line":40,"column":4},"end":{"line":42,"column":4}}}},"statementMap":{"1":{"start":{"line":17,"column":8},"end":{"line":17,"column":26}},"2":{"start":{"line":23,"column":8},"end":{"line":23,"column":31}},"3":{"start":{"line":29,"column":8},"end":{"line":29,"column":1007}},"4":{"start":{"line":30,"column":12},"end":{"line":30,"column":35}},"5":{"start":{"line":36,"column":8},"end":{"line":36,"column":24}},"6":{"start":{"line":41,"column":8},"end":{"line":41,"column":26}}},"branchMap":{}},
"contracts\\claimLock\\ClaimLock.sol":{"l":{"26":0,"27":0,"28":0,"29":0,"33":0,"34":0,"38":0,"39":0,"43":3,"44":3,"45":3,"46":3,"47":3,"48":3,"49":3,"53":0,"54":0,"55":0,"64":0,"65":0,"66":0,"68":0,"69":0,"71":0,"75":0,"76":0,"77":0,"78":0,"79":0,"80":0,"81":0,"86":0,"87":0,"88":0,"89":0,"90":0,"95":0,"96":0,"97":0,"98":0,"103":0,"104":0,"105":0,"106":0,"107":0,"108":0,"109":0,"113":0,"117":0,"121":0,"122":0,"123":0,"127":0,"133":0,"134":0,"138":0,"139":0,"143":0},"path":"D:\\work\\kaki-mono.sol\\contracts\\claimLock\\ClaimLock.sol","s":{"1":0,"2":0,"3":0,"4":0,"5":0,"6":3,"7":3,"8":3,"9":3,"10":3,"11":3,"12":3,"13":0,"14":0,"15":0,"16":0,"17":0,"18":0,"19":0,"20":0,"21":0,"22":0,"23":0,"24":0,"25":0,"26":0,"27":0,"28":0,"29":0,"30":0,"31":0,"32":0,"33":0,"34":0,"35":0,"36":0,"37":0,"38":0,"39":0,"40":0,"41":0,"42":0,"43":0,"44":0,"45":0,"46":0,"47":0,"48":0,"49":0,"50":0,"51":0,"52":0,"53":0,"54":0,"55":0,"56":0},"b":{"1":[0,0],"2":[0,0],"3":[0,0],"4":[0,0],"5":[0,0],"6":[0,0],"7":[0,0],"8":[0,0],"9":[0,0],"10":[0,0],"11":[0,0],"12":[0,0],"13":[0,0]},"f":{"1":0,"2":0,"3":0,"4":3,"5":0,"6":0,"7":0,"8":0,"9":0,"10":0,"11":0,"12":0,"13":0,"14":0,"15":0},"fnMap":{"1":{"name":"noReentrant","line":25,"loc":{"start":{"line":25,"column":4},"end":{"line":30,"column":4}}},"2":{"name":"isFarm","line":32,"loc":{"start":{"line":32,"column":4},"end":{"line":35,"column":4}}},"3":{"name":"isTrading","line":37,"loc":{"start":{"line":37,"column":4},"end":{"line":40,"column":4}}},"4":{"name":"initialize","line":42,"loc":{"start":{"line":42,"column":4},"end":{"line":50,"column":4}}},"5":{"name":"lockFarmReward","line":52,"loc":{"start":{"line":52,"column":4},"end":{"line":61,"column":4}}},"6":{"name":"lockTradingReward","line":63,"loc":{"start":{"line":63,"column":4},"end":{"line":72,"column":4}}},"7":{"name":"claimFarmReward","line":74,"loc":{"start":{"line":74,"column":4},"end":{"line":83,"column":4}}},"8":{"name":"claimTradingReward","line":85,"loc":{"start":{"line":85,"column":4},"end":{"line":91,"column":4}}},"9":{"name":"getFarmAccInfo","line":94,"loc":{"start":{"line":94,"column":4},"end":{"line":100,"column":4}}},"10":{"name":"getClaimableFarmReward","line":102,"loc":{"start":{"line":102,"column":4},"end":{"line":114,"column":4}}},"11":{"name":"getTradingLockedReward","line":116,"loc":{"start":{"line":116,"column":4},"end":{"line":118,"column":4}}},"12":{"name":"getTradingUnlockedReward","line":120,"loc":{"start":{"line":120,"column":4},"end":{"line":129,"column":4}}},"13":{"name":"setTradingAdd","line":132,"loc":{"start":{"line":132,"column":4},"end":{"line":135,"column":4}}},"14":{"name":"setFarmAdd","line":137,"loc":{"start":{"line":137,"column":4},"end":{"line":140,"column":4}}},"15":{"name":"version","line":142,"loc":{"start":{"line":142,"column":4},"end":{"line":144,"column":4}}}},"statementMap":{"1":{"start":{"line":26,"column":8},"end":{"line":26,"column":41}},"2":{"start":{"line":27,"column":8},"end":{"line":27,"column":20}},"3":{"start":{"line":29,"column":8},"end":{"line":29,"column":21}},"4":{"start":{"line":33,"column":8},"end":{"line":33,"column":58}},"5":{"start":{"line":38,"column":8},"end":{"line":38,"column":61}},"6":{"start":{"line":43,"column":8},"end":{"line":43,"column":29}},"7":{"start":{"line":44,"column":8},"end":{"line":44,"column":28}},"8":{"start":{"line":45,"column":8},"end":{"line":45,"column":32}},"9":{"start":{"line":46,"column":8},"end":{"line":46,"column":35}},"10":{"start":{"line":47,"column":8},"end":{"line":47,"column":25}},"11":{"start":{"line":48,"column":8},"end":{"line":48,"column":24}},"12":{"start":{"line":49,"column":8},"end":{"line":49,"column":22}},"13":{"start":{"line":53,"column":8},"end":{"line":53,"column":50}},"14":{"start":{"line":54,"column":8},"end":{"line":54,"column":47}},"15":{"start":{"line":55,"column":8},"end":{"line":55,"column":1666}},"16":{"start":{"line":64,"column":8},"end":{"line":64,"column":44}},"17":{"start":{"line":65,"column":8},"end":{"line":65,"column":2005}},"18":{"start":{"line":66,"column":12},"end":{"line":66,"column":78}},"19":{"start":{"line":68,"column":8},"end":{"line":68,"column":2164}},"20":{"start":{"line":69,"column":12},"end":{"line":69,"column":38}},"21":{"start":{"line":71,"column":8},"end":{"line":71,"column":57}},"22":{"start":{"line":75,"column":8},"end":{"line":75,"column":91}},"23":{"start":{"line":76,"column":8},"end":{"line":76,"column":2519}},"24":{"start":{"line":77,"column":12},"end":{"line":77,"column":72}},"25":{"start":{"line":78,"column":12},"end":{"line":78,"column":40}},"26":{"start":{"line":79,"column":12},"end":{"line":79,"column":98}},"27":{"start":{"line":80,"column":12},"end":{"line":80,"column":139}},"28":{"start":{"line":81,"column":12},"end":{"line":81,"column":51}},"29":{"start":{"line":86,"column":8},"end":{"line":86,"column":97}},"30":{"start":{"line":87,"column":8},"end":{"line":87,"column":57}},"31":{"start":{"line":88,"column":8},"end":{"line":88,"column":33}},"32":{"start":{"line":89,"column":8},"end":{"line":89,"column":56}},"33":{"start":{"line":90,"column":8},"end":{"line":90,"column":72}},"34":{"start":{"line":95,"column":8},"end":{"line":95,"column":53}},"35":{"start":{"line":96,"column":8},"end":{"line":96,"column":59}},"36":{"start":{"line":97,"column":8},"end":{"line":97,"column":3764}},"37":{"start":{"line":98,"column":12},"end":{"line":98,"column":66}},"38":{"start":{"line":103,"column":8},"end":{"line":103,"column":45}},"39":{"start":{"line":104,"column":8},"end":{"line":104,"column":30}},"40":{"start":{"line":105,"column":8},"end":{"line":105,"column":72}},"41":{"start":{"line":106,"column":8},"end":{"line":106,"column":4194}},"42":{"start":{"line":107,"column":12},"end":{"line":107,"column":4277}},"43":{"start":{"line":108,"column":16},"end":{"line":108,"column":84}},"44":{"start":{"line":109,"column":16},"end":{"line":109,"column":144}},"45":{"start":{"line":111,"column":17},"end":{"line":111,"column":52}},"46":{"start":{"line":113,"column":8},"end":{"line":113,"column":29}},"47":{"start":{"line":117,"column":8},"end":{"line":117,"column":55}},"48":{"start":{"line":121,"column":8},"end":{"line":121,"column":45}},"49":{"start":{"line":122,"column":8},"end":{"line":122,"column":4953}},"50":{"start":{"line":123,"column":12},"end":{"line":123,"column":5158}},"51":{"start":{"line":127,"column":12},"end":{"line":127,"column":59}},"52":{"start":{"line":133,"column":8},"end":{"line":133,"column":63}},"53":{"start":{"line":134,"column":8},"end":{"line":134,"column":34}},"54":{"start":{"line":138,"column":8},"end":{"line":138,"column":60}},"55":{"start":{"line":139,"column":8},"end":{"line":139,"column":28}},"56":{"start":{"line":143,"column":8},"end":{"line":143,"column":16}}},"branchMap":{"1":{"line":26,"type":"if","locations":[{"start":{"line":26,"column":8},"end":{"line":26,"column":8}},{"start":{"line":26,"column":8},"end":{"line":26,"column":8}}]},"2":{"line":33,"type":"if","locations":[{"start":{"line":33,"column":8},"end":{"line":33,"column":8}},{"start":{"line":33,"column":8},"end":{"line":33,"column":8}}]},"3":{"line":38,"type":"if","locations":[{"start":{"line":38,"column":8},"end":{"line":38,"column":8}},{"start":{"line":38,"column":8},"end":{"line":38,"column":8}}]},"4":{"line":64,"type":"if","locations":[{"start":{"line":64,"column":8},"end":{"line":64,"column":8}},{"start":{"line":64,"column":8},"end":{"line":64,"column":8}}]},"5":{"line":65,"type":"if","locations":[{"start":{"line":65,"column":8},"end":{"line":65,"column":8}},{"start":{"line":65,"column":8},"end":{"line":65,"column":8}}]},"6":{"line":68,"type":"if","locations":[{"start":{"line":68,"column":8},"end":{"line":68,"column":8}},{"start":{"line":68,"column":8},"end":{"line":68,"column":8}}]},"7":{"line":75,"type":"if","locations":[{"start":{"line":75,"column":8},"end":{"line":75,"column":8}},{"start":{"line":75,"column":8},"end":{"line":75,"column":8}}]},"8":{"line":86,"type":"if","locations":[{"start":{"line":86,"column":8},"end":{"line":86,"column":8}},{"start":{"line":86,"column":8},"end":{"line":86,"column":8}}]},"9":{"line":106,"type":"if","locations":[{"start":{"line":106,"column":8},"end":{"line":106,"column":8}},{"start":{"line":106,"column":8},"end":{"line":106,"column":8}}]},"10":{"line":107,"type":"if","locations":[{"start":{"line":107,"column":12},"end":{"line":107,"column":12}},{"start":{"line":107,"column":12},"end":{"line":107,"column":12}}]},"11":{"line":122,"type":"if","locations":[{"start":{"line":122,"column":8},"end":{"line":122,"column":8}},{"start":{"line":122,"column":8},"end":{"line":122,"column":8}}]},"12":{"line":133,"type":"if","locations":[{"start":{"line":133,"column":8},"end":{"line":133,"column":8}},{"start":{"line":133,"column":8},"end":{"line":133,"column":8}}]},"13":{"line":138,"type":"if","locations":[{"start":{"line":138,"column":8},"end":{"line":138,"column":8}},{"start":{"line":138,"column":8},"end":{"line":138,"column":8}}]}}},
"contracts\\facet\\Facet.sol":{"l":{"13":0,"14":0,"15":0,"16":0,"20":0,"21":0,"25":0,"26":0,"30":0,"34":0},"path":"D:\\work\\kaki-mono.sol\\contracts\\facet\\Facet.sol","s":{"1":0,"2":0,"3":0,"4":0,"5":0,"6":0,"7":0,"8":0,"9":0,"10":0},"b":{"1":[0,0]},"f":{"1":0,"2":0,"3":0,"4":0,"5":0},"fnMap":{"1":{"name":"initialize","line":12,"loc":{"start":{"line":12,"column":4},"end":{"line":17,"column":4}}},"2":{"name":"facetBalance","line":19,"loc":{"start":{"line":19,"column":4},"end":{"line":22,"column":4}}},"3":{"name":"facet","line":24,"loc":{"start":{"line":24,"column":4},"end":{"line":27,"column":4}}},"4":{"name":"currentDayth","line":29,"loc":{"start":{"line":29,"column":4},"end":{"line":31,"column":4}}},"5":{"name":"version","line":33,"loc":{"start":{"line":33,"column":4},"end":{"line":35,"column":4}}}},"statementMap":{"1":{"start":{"line":13,"column":8},"end":{"line":13,"column":29}},"2":{"start":{"line":14,"column":8},"end":{"line":14,"column":22}},"3":{"start":{"line":15,"column":8},"end":{"line":15,"column":30}},"4":{"start":{"line":16,"column":8},"end":{"line":16,"column":21}},"5":{"start":{"line":20,"column":8},"end":{"line":20,"column":53}},"6":{"start":{"line":21,"column":8},"end":{"line":21,"column":49}},"7":{"start":{"line":25,"column":8},"end":{"line":25,"column":99}},"8":{"start":{"line":26,"column":8},"end":{"line":26,"column":47}},"9":{"start":{"line":30,"column":8},"end":{"line":30,"column":44}},"10":{"start":{"line":34,"column":8},"end":{"line":34,"column":16}}},"branchMap":{"1":{"line":25,"type":"if","locations":[{"start":{"line":25,"column":8},"end":{"line":25,"column":8}},{"start":{"line":25,"column":8},"end":{"line":25,"column":8}}]}}},
"contracts\\farm\\DebtToken.sol":{"l":{"11":0,"15":0},"path":"D:\\work\\kaki-mono.sol\\contracts\\farm\\DebtToken.sol","s":{"1":0,"2":0},"b":{},"f":{"1":0,"2":0,"3":0},"fnMap":{"1":{"name":"constructor","line":8,"loc":{"start":{"line":8,"column":4},"end":{"line":8,"column":83}}},"2":{"name":"burn","line":10,"loc":{"start":{"line":10,"column":4},"end":{"line":12,"column":4}}},"3":{"name":"mint","line":14,"loc":{"start":{"line":14,"column":4},"end":{"line":16,"column":4}}}},"statementMap":{"1":{"start":{"line":11,"column":8},"end":{"line":11,"column":29}},"2":{"start":{"line":15,"column":8},"end":{"line":15,"column":29}}},"branchMap":{}},
"contracts\\farm\\KakiGarden.sol":{"l":{"39":3,"40":3,"41":3,"43":3,"44":3,"45":3,"49":0,"53":0,"57":0,"71":0,"73":0,"74":0,"76":0,"95":0,"96":0,"97":0,"99":0,"100":0,"105":0,"106":0,"107":0,"108":0,"109":0,"111":0,"112":0,"113":0,"114":0,"116":0,"119":0,"120":0,"121":0,"122":0,"124":0,"127":0,"128":0,"129":0,"132":0,"133":0,"134":0,"135":0,"139":0,"155":0,"156":0,"157":0,"158":0,"159":0,"160":0,"161":0,"162":0,"163":0,"164":0,"165":0,"166":0,"168":0,"171":0,"172":0,"173":0,"174":0,"176":0,"177":0,"178":0,"180":0,"181":0,"182":0,"183":0,"187":0,"191":0,"192":0,"193":0,"195":0,"199":0,"200":0,"202":0,"203":0,"204":0,"205":0,"206":0,"207":0,"210":0,"211":0,"213":0,"217":0,"218":0,"219":0,"223":0,"227":0,"228":0,"229":0,"230":0,"231":0,"232":0,"237":0,"241":0,"245":0,"246":0,"247":0,"250":0,"258":0,"264":0},"path":"D:\\work\\kaki-mono.sol\\contracts\\farm\\KakiGarden.sol","s":{"1":3,"2":3,"3":3,"4":3,"5":3,"6":3,"7":0,"8":0,"9":0,"10":0,"11":0,"12":0,"13":0,"14":0,"15":0,"16":0,"17":0,"18":0,"19":0,"20":0,"21":0,"22":0,"23":0,"24":0,"25":0,"26":0,"27":0,"28":0,"29":0,"30":0,"31":0,"32":0,"33":0,"34":0,"35":0,"36":0,"37":0,"38":0,"39":0,"40":0,"41":0,"42":0,"43":0,"44":0,"45":0,"46":0,"47":0,"48":0,"49":0,"50":0,"51":0,"52":0,"53":0,"54":0,"55":0,"56":0,"57":0,"58":0,"59":0,"60":0,"61":0,"62":0,"63":0,"64":0,"65":0,"66":0,"67":0,"68":0,"69":0,"70":0,"71":0,"72":0,"73":0,"74":0,"75":0,"76":0,"77":0,"78":0,"79":0,"80":0,"81":0,"82":0,"83":0,"84":0,"85":0,"86":0,"87":0,"88":0,"89":0,"90":0,"91":0,"92":0,"93":0,"94":0,"95":0,"96":0,"97":0,"98":0,"99":0},"b":{"1":[0,0],"2":[0,0],"3":[0,0],"4":[0,0],"5":[0,0],"6":[0,0],"7":[0,0],"8":[0,0],"9":[0,0],"10":[0,0],"11":[0,0],"12":[0,0],"13":[0,0],"14":[0,0],"15":[0,0],"16":[0,0],"17":[0,0],"18":[0,0],"19":[0,0],"20":[0,0]},"f":{"1":3,"2":0,"3":0,"4":0,"5":0,"6":0,"7":0,"8":0,"9":0,"10":0,"11":0,"12":0,"13":0,"14":0,"15":0,"16":0,"17":0,"18":0,"19":0},"fnMap":{"1":{"name":"initialize","line":38,"loc":{"start":{"line":34,"column":4},"end":{"line":46,"column":4}}},"2":{"name":"setRewardLocker","line":48,"loc":{"start":{"line":48,"column":4},"end":{"line":50,"column":4}}},"3":{"name":"setOneDayBlocks","line":52,"loc":{"start":{"line":52,"column":4},"end":{"line":54,"column":4}}},"4":{"name":"setRewardTokenPrice","line":56,"loc":{"start":{"line":56,"column":4},"end":{"line":58,"column":4}}},"5":{"name":"addPool","line":70,"loc":{"start":{"line":60,"column":4},"end":{"line":102,"column":4}}},"6":{"name":"deposit","line":104,"loc":{"start":{"line":104,"column":4},"end":{"line":136,"column":4}}},"7":{"name":"withdraw","line":138,"loc":{"start":{"line":138,"column":4},"end":{"line":140,"column":4}}},"8":{"name":"_withdraw","line":154,"loc":{"start":{"line":154,"column":4},"end":{"line":184,"column":4}}},"9":{"name":"harvest","line":186,"loc":{"start":{"line":186,"column":4},"end":{"line":188,"column":4}}},"10":{"name":"_harvest","line":190,"loc":{"start":{"line":190,"column":4},"end":{"line":196,"column":4}}},"11":{"name":"harvestMany","line":198,"loc":{"start":{"line":198,"column":4},"end":{"line":214,"column":4}}},"12":{"name":"pendingReward","line":216,"loc":{"start":{"line":216,"column":4},"end":{"line":220,"column":4}}},"13":{"name":"dailyReward","line":222,"loc":{"start":{"line":222,"column":4},"end":{"line":224,"column":4}}},"14":{"name":"onlyHarvest","line":226,"loc":{"start":{"line":226,"column":4},"end":{"line":234,"column":4}}},"15":{"name":"poolInfoLength","line":236,"loc":{"start":{"line":236,"column":4},"end":{"line":238,"column":4}}},"16":{"name":"poolInfo","line":240,"loc":{"start":{"line":240,"column":4},"end":{"line":242,"column":4}}},"17":{"name":"poolApr","line":244,"loc":{"start":{"line":244,"column":4},"end":{"line":255,"column":4}}},"18":{"name":"approve","line":257,"loc":{"start":{"line":257,"column":4},"end":{"line":259,"column":4}}},"19":{"name":"version","line":263,"loc":{"start":{"line":263,"column":4},"end":{"line":265,"column":4}}}},"statementMap":{"1":{"start":{"line":39,"column":8},"end":{"line":39,"column":29}},"2":{"start":{"line":40,"column":8},"end":{"line":40,"column":31}},"3":{"start":{"line":41,"column":8},"end":{"line":41,"column":24}},"4":{"start":{"line":43,"column":8},"end":{"line":43,"column":39}},"5":{"start":{"line":44,"column":8},"end":{"line":44,"column":37}},"6":{"start":{"line":45,"column":8},"end":{"line":45,"column":28}},"7":{"start":{"line":49,"column":8},"end":{"line":49,"column":35}},"8":{"start":{"line":53,"column":8},"end":{"line":53,"column":35}},"9":{"start":{"line":57,"column":8},"end":{"line":57,"column":43}},"10":{"start":{"line":71,"column":8},"end":{"line":71,"column":82}},"11":{"start":{"line":73,"column":8},"end":{"line":73,"column":37}},"12":{"start":{"line":74,"column":8},"end":{"line":74,"column":40}},"13":{"start":{"line":76,"column":8},"end":{"line":76,"column":2715}},"14":{"start":{"line":95,"column":8},"end":{"line":95,"column":37}},"15":{"start":{"line":96,"column":8},"end":{"line":96,"column":3376}},"16":{"start":{"line":97,"column":12},"end":{"line":97,"column":59}},"17":{"start":{"line":99,"column":8},"end":{"line":99,"column":3492}},"18":{"start":{"line":100,"column":12},"end":{"line":100,"column":66}},"19":{"start":{"line":105,"column":8},"end":{"line":105,"column":43}},"20":{"start":{"line":106,"column":8},"end":{"line":106,"column":66}},"21":{"start":{"line":107,"column":8},"end":{"line":107,"column":58}},"22":{"start":{"line":108,"column":8},"end":{"line":108,"column":3901}},"23":{"start":{"line":109,"column":12},"end":{"line":109,"column":24}},"24":{"start":{"line":111,"column":8},"end":{"line":111,"column":40}},"25":{"start":{"line":112,"column":8},"end":{"line":112,"column":50}},"26":{"start":{"line":113,"column":8},"end":{"line":113,"column":4064}},"27":{"start":{"line":114,"column":12},"end":{"line":114,"column":84}},"28":{"start":{"line":116,"column":12},"end":{"line":116,"column":77}},"29":{"start":{"line":119,"column":8},"end":{"line":119,"column":37}},"30":{"start":{"line":120,"column":8},"end":{"line":120,"column":4331}},"31":{"start":{"line":121,"column":12},"end":{"line":121,"column":4383}},"32":{"start":{"line":122,"column":16},"end":{"line":122,"column":51}},"33":{"start":{"line":124,"column":16},"end":{"line":124,"column":36}},"34":{"start":{"line":127,"column":12},"end":{"line":127,"column":56}},"35":{"start":{"line":128,"column":12},"end":{"line":128,"column":4607}},"36":{"start":{"line":129,"column":16},"end":{"line":129,"column":107}},"37":{"start":{"line":132,"column":8},"end":{"line":132,"column":28}},"38":{"start":{"line":133,"column":8},"end":{"line":133,"column":39}},"39":{"start":{"line":134,"column":8},"end":{"line":134,"column":50}},"40":{"start":{"line":135,"column":8},"end":{"line":135,"column":45}},"41":{"start":{"line":139,"column":8},"end":{"line":139,"column":29}},"42":{"start":{"line":155,"column":8},"end":{"line":155,"column":51}},"43":{"start":{"line":156,"column":8},"end":{"line":156,"column":37}},"44":{"start":{"line":157,"column":8},"end":{"line":157,"column":56}},"45":{"start":{"line":158,"column":8},"end":{"line":158,"column":55}},"46":{"start":{"line":159,"column":8},"end":{"line":159,"column":20}},"47":{"start":{"line":160,"column":8},"end":{"line":160,"column":50}},"48":{"start":{"line":161,"column":8},"end":{"line":161,"column":5965}},"49":{"start":{"line":162,"column":12},"end":{"line":162,"column":41}},"50":{"start":{"line":163,"column":12},"end":{"line":163,"column":85}},"51":{"start":{"line":164,"column":12},"end":{"line":164,"column":56}},"52":{"start":{"line":165,"column":12},"end":{"line":165,"column":6214}},"53":{"start":{"line":166,"column":16},"end":{"line":166,"column":78}},"54":{"start":{"line":168,"column":12},"end":{"line":168,"column":42}},"55":{"start":{"line":171,"column":8},"end":{"line":171,"column":28}},"56":{"start":{"line":172,"column":8},"end":{"line":172,"column":6440}},"57":{"start":{"line":173,"column":12},"end":{"line":173,"column":76}},"58":{"start":{"line":174,"column":12},"end":{"line":174,"column":60}},"59":{"start":{"line":176,"column":12},"end":{"line":176,"column":41}},"60":{"start":{"line":177,"column":12},"end":{"line":177,"column":85}},"61":{"start":{"line":178,"column":12},"end":{"line":178,"column":53}},"62":{"start":{"line":180,"column":8},"end":{"line":180,"column":48}},"63":{"start":{"line":181,"column":8},"end":{"line":181,"column":28}},"64":{"start":{"line":182,"column":8},"end":{"line":182,"column":39}},"65":{"start":{"line":183,"column":8},"end":{"line":183,"column":44}},"66":{"start":{"line":187,"column":8},"end":{"line":187,"column":20}},"67":{"start":{"line":191,"column":8},"end":{"line":191,"column":42}},"68":{"start":{"line":192,"column":8},"end":{"line":192,"column":7205}},"69":{"start":{"line":193,"column":12},"end":{"line":193,"column":60}},"70":{"start":{"line":195,"column":8},"end":{"line":195,"column":46}},"71":{"start":{"line":199,"column":8},"end":{"line":199,"column":32}},"72":{"start":{"line":200,"column":8},"end":{"line":200,"column":37}},"73":{"start":{"line":202,"column":8},"end":{"line":202,"column":28}},"74":{"start":{"line":203,"column":8},"end":{"line":203,"column":53}},"75":{"start":{"line":204,"column":8},"end":{"line":204,"column":7613}},"76":{"start":{"line":205,"column":12},"end":{"line":205,"column":50}},"77":{"start":{"line":206,"column":12},"end":{"line":206,"column":34}},"78":{"start":{"line":207,"column":12},"end":{"line":207,"column":32}},"79":{"start":{"line":210,"column":8},"end":{"line":210,"column":7787}},"80":{"start":{"line":211,"column":12},"end":{"line":211,"column":65}},"81":{"start":{"line":213,"column":8},"end":{"line":213,"column":52}},"82":{"start":{"line":217,"column":8},"end":{"line":217,"column":45}},"83":{"start":{"line":218,"column":8},"end":{"line":218,"column":57}},"84":{"start":{"line":219,"column":8},"end":{"line":219,"column":107}},"85":{"start":{"line":223,"column":8},"end":{"line":223,"column":95}},"86":{"start":{"line":227,"column":8},"end":{"line":227,"column":46}},"87":{"start":{"line":228,"column":8},"end":{"line":228,"column":58}},"88":{"start":{"line":229,"column":8},"end":{"line":229,"column":8627}},"89":{"start":{"line":230,"column":12},"end":{"line":230,"column":47}},"90":{"start":{"line":231,"column":12},"end":{"line":231,"column":113}},"91":{"start":{"line":232,"column":12},"end":{"line":232,"column":44}},"92":{"start":{"line":237,"column":8},"end":{"line":237,"column":31}},"93":{"start":{"line":241,"column":8},"end":{"line":241,"column":24}},"94":{"start":{"line":245,"column":8},"end":{"line":245,"column":45}},"95":{"start":{"line":246,"column":8},"end":{"line":246,"column":9219}},"96":{"start":{"line":247,"column":12},"end":{"line":247,"column":20}},"97":{"start":{"line":250,"column":8},"end":{"line":250,"column":9341}},"98":{"start":{"line":258,"column":8},"end":{"line":258,"column":48}},"99":{"start":{"line":264,"column":8},"end":{"line":264,"column":17}}},"branchMap":{"1":{"line":71,"type":"if","locations":[{"start":{"line":71,"column":8},"end":{"line":71,"column":8}},{"start":{"line":71,"column":8},"end":{"line":71,"column":8}}]},"2":{"line":96,"type":"if","locations":[{"start":{"line":96,"column":8},"end":{"line":96,"column":8}},{"start":{"line":96,"column":8},"end":{"line":96,"column":8}}]},"3":{"line":99,"type":"if","locations":[{"start":{"line":99,"column":8},"end":{"line":99,"column":8}},{"start":{"line":99,"column":8},"end":{"line":99,"column":8}}]},"4":{"line":106,"type":"if","locations":[{"start":{"line":106,"column":8},"end":{"line":106,"column":8}},{"start":{"line":106,"column":8},"end":{"line":106,"column":8}}]},"5":{"line":108,"type":"if","locations":[{"start":{"line":108,"column":8},"end":{"line":108,"column":8}},{"start":{"line":108,"column":8},"end":{"line":108,"column":8}}]},"6":{"line":113,"type":"if","locations":[{"start":{"line":113,"column":8},"end":{"line":113,"column":8}},{"start":{"line":113,"column":8},"end":{"line":113,"column":8}}]},"7":{"line":114,"type":"if","locations":[{"start":{"line":114,"column":12},"end":{"line":114,"column":12}},{"start":{"line":114,"column":12},"end":{"line":114,"column":12}}]},"8":{"line":120,"type":"if","locations":[{"start":{"line":120,"column":8},"end":{"line":120,"column":8}},{"start":{"line":120,"column":8},"end":{"line":120,"column":8}}]},"9":{"line":121,"type":"if","locations":[{"start":{"line":121,"column":12},"end":{"line":121,"column":12}},{"start":{"line":121,"column":12},"end":{"line":121,"column":12}}]},"10":{"line":128,"type":"if","locations":[{"start":{"line":128,"column":12},"end":{"line":128,"column":12}},{"start":{"line":128,"column":12},"end":{"line":128,"column":12}}]},"11":{"line":155,"type":"if","locations":[{"start":{"line":155,"column":8},"end":{"line":155,"column":8}},{"start":{"line":155,"column":8},"end":{"line":155,"column":8}}]},"12":{"line":158,"type":"if","locations":[{"start":{"line":158,"column":8},"end":{"line":158,"column":8}},{"start":{"line":158,"column":8},"end":{"line":158,"column":8}}]},"13":{"line":161,"type":"if","locations":[{"start":{"line":161,"column":8},"end":{"line":161,"column":8}},{"start":{"line":161,"column":8},"end":{"line":161,"column":8}}]},"14":{"line":165,"type":"if","locations":[{"start":{"line":165,"column":12},"end":{"line":165,"column":12}},{"start":{"line":165,"column":12},"end":{"line":165,"column":12}}]},"15":{"line":172,"type":"if","locations":[{"start":{"line":172,"column":8},"end":{"line":172,"column":8}},{"start":{"line":172,"column":8},"end":{"line":172,"column":8}}]},"16":{"line":192,"type":"if","locations":[{"start":{"line":192,"column":8},"end":{"line":192,"column":8}},{"start":{"line":192,"column":8},"end":{"line":192,"column":8}}]},"17":{"line":200,"type":"if","locations":[{"start":{"line":200,"column":8},"end":{"line":200,"column":8}},{"start":{"line":200,"column":8},"end":{"line":200,"column":8}}]},"18":{"line":210,"type":"if","locations":[{"start":{"line":210,"column":8},"end":{"line":210,"column":8}},{"start":{"line":210,"column":8},"end":{"line":210,"column":8}}]},"19":{"line":229,"type":"if","locations":[{"start":{"line":229,"column":8},"end":{"line":229,"column":8}},{"start":{"line":229,"column":8},"end":{"line":229,"column":8}}]},"20":{"line":246,"type":"if","locations":[{"start":{"line":246,"column":8},"end":{"line":246,"column":8}},{"start":{"line":246,"column":8},"end":{"line":246,"column":8}}]}}},
"contracts\\interfaces\\IAddressList.sol":{"l":{},"path":"D:\\work\\kaki-mono.sol\\contracts\\interfaces\\IAddressList.sol","s":{},"b":{},"f":{},"fnMap":{},"statementMap":{},"branchMap":{}},
"contracts\\interfaces\\IBaseERC721.sol":{"l":{},"path":"D:\\work\\kaki-mono.sol\\contracts\\interfaces\\IBaseERC721.sol","s":{},"b":{},"f":{},"fnMap":{},"statementMap":{},"branchMap":{}},
"contracts\\interfaces\\IBlindBox.sol":{"l":{},"path":"D:\\work\\kaki-mono.sol\\contracts\\interfaces\\IBlindBox.sol","s":{},"b":{},"f":{},"fnMap":{},"statementMap":{},"branchMap":{}},
"contracts\\interfaces\\ICaptainClaim.sol":{"l":{},"path":"D:\\work\\kaki-mono.sol\\contracts\\interfaces\\ICaptainClaim.sol","s":{},"b":{},"f":{},"fnMap":{},"statementMap":{},"branchMap":{}},
"contracts\\interfaces\\IClaimLock.sol":{"l":{},"path":"D:\\work\\kaki-mono.sol\\contracts\\interfaces\\IClaimLock.sol","s":{},"b":{},"f":{},"fnMap":{},"statementMap":{},"branchMap":{}},
"contracts\\interfaces\\IDebtToken.sol":{"l":{},"path":"D:\\work\\kaki-mono.sol\\contracts\\interfaces\\IDebtToken.sol","s":{},"b":{},"f":{},"fnMap":{},"statementMap":{},"branchMap":{}},
"contracts\\interfaces\\IERC20.sol":{"l":{},"path":"D:\\work\\kaki-mono.sol\\contracts\\interfaces\\IERC20.sol","s":{},"b":{},"f":{},"fnMap":{},"statementMap":{},"branchMap":{}},
"contracts\\interfaces\\IFairLaunch.sol":{"l":{},"path":"D:\\work\\kaki-mono.sol\\contracts\\interfaces\\IFairLaunch.sol","s":{},"b":{},"f":{},"fnMap":{},"statementMap":{},"branchMap":{}},
"contracts\\interfaces\\IKaki.sol":{"l":{},"path":"D:\\work\\kaki-mono.sol\\contracts\\interfaces\\IKaki.sol","s":{},"b":{},"f":{},"fnMap":{},"statementMap":{},"branchMap":{}},
"contracts\\interfaces\\IKakiCaptain.sol":{"l":{},"path":"D:\\work\\kaki-mono.sol\\contracts\\interfaces\\IKakiCaptain.sol","s":{},"b":{},"f":{},"fnMap":{},"statementMap":{},"branchMap":{}},
"contracts\\interfaces\\IKakiGarden.sol":{"l":{},"path":"D:\\work\\kaki-mono.sol\\contracts\\interfaces\\IKakiGarden.sol","s":{},"b":{},"f":{},"fnMap":{},"statementMap":{},"branchMap":{}},
"contracts\\interfaces\\IKakiNoLoss.sol":{"l":{},"path":"D:\\work\\kaki-mono.sol\\contracts\\interfaces\\IKakiNoLoss.sol","s":{},"b":{},"f":{},"fnMap":{},"statementMap":{},"branchMap":{}},
"contracts\\interfaces\\IKakiTicket.sol":{"l":{},"path":"D:\\work\\kaki-mono.sol\\contracts\\interfaces\\IKakiTicket.sol","s":{},"b":{},"f":{},"fnMap":{},"statementMap":{},"branchMap":{}},
"contracts\\interfaces\\IMysteryBox.sol":{"l":{},"path":"D:\\work\\kaki-mono.sol\\contracts\\interfaces\\IMysteryBox.sol","s":{},"b":{},"f":{},"fnMap":{},"statementMap":{},"branchMap":{}},
"contracts\\interfaces\\IPancakePair.sol":{"l":{},"path":"D:\\work\\kaki-mono.sol\\contracts\\interfaces\\IPancakePair.sol","s":{},"b":{},"f":{},"fnMap":{},"statementMap":{},"branchMap":{}},
"contracts\\interfaces\\IPancakeRouter01.sol":{"l":{},"path":"D:\\work\\kaki-mono.sol\\contracts\\interfaces\\IPancakeRouter01.sol","s":{},"b":{},"f":{},"fnMap":{},"statementMap":{},"branchMap":{}},
"contracts\\interfaces\\IPancakeRouter02.sol":{"l":{},"path":"D:\\work\\kaki-mono.sol\\contracts\\interfaces\\IPancakeRouter02.sol","s":{},"b":{},"f":{},"fnMap":{},"statementMap":{},"branchMap":{}},
"contracts\\interfaces\\IRandoms.sol":{"l":{},"path":"D:\\work\\kaki-mono.sol\\contracts\\interfaces\\IRandoms.sol","s":{},"b":{},"f":{},"fnMap":{},"statementMap":{},"branchMap":{}},
"contracts\\interfaces\\ISwapPair.sol":{"l":{},"path":"D:\\work\\kaki-mono.sol\\contracts\\interfaces\\ISwapPair.sol","s":{},"b":{},"f":{},"fnMap":{},"statementMap":{},"branchMap":{}},
"contracts\\interfaces\\IVault.sol":{"l":{},"path":"D:\\work\\kaki-mono.sol\\contracts\\interfaces\\IVault.sol","s":{},"b":{},"f":{},"fnMap":{},"statementMap":{},"branchMap":{}},
"contracts\\interfaces\\IWETH.sol":{"l":{},"path":"D:\\work\\kaki-mono.sol\\contracts\\interfaces\\IWETH.sol","s":{},"b":{},"f":{},"fnMap":{},"statementMap":{},"branchMap":{}},
"contracts\\interfaces\\IZap.sol":{"l":{},"path":"D:\\work\\kaki-mono.sol\\contracts\\interfaces\\IZap.sol","s":{},"b":{},"f":{},"fnMap":{},"statementMap":{},"branchMap":{}},
"contracts\\kaki\\Kaki.sol":{"l":{"18":0,"19":0,"20":0,"21":0,"26":0,"27":0,"28":0,"32":0},"path":"D:\\work\\kaki-mono.sol\\contracts\\kaki\\Kaki.sol","s":{"1":0,"2":0,"3":0,"4":0,"5":0,"6":0,"7":0,"8":0},"b":{"1":[0,0]},"f":{"1":0,"2":0,"3":0},"fnMap":{"1":{"name":"initialize","line":16,"loc":{"start":{"line":11,"column":4},"end":{"line":23,"column":4}}},"2":{"name":"mint","line":25,"loc":{"start":{"line":25,"column":4},"end":{"line":29,"column":4}}},"3":{"name":"version","line":31,"loc":{"start":{"line":31,"column":4},"end":{"line":33,"column":4}}}},"statementMap":{"1":{"start":{"line":18,"column":8},"end":{"line":18,"column":29}},"2":{"start":{"line":19,"column":8},"end":{"line":19,"column":49}},"3":{"start":{"line":20,"column":8},"end":{"line":20,"column":33}},"4":{"start":{"line":21,"column":8},"end":{"line":21,"column":35}},"5":{"start":{"line":26,"column":8},"end":{"line":26,"column":71}},"6":{"start":{"line":27,"column":8},"end":{"line":27,"column":24}},"7":{"start":{"line":28,"column":8},"end":{"line":28,"column":41}},"8":{"start":{"line":32,"column":8},"end":{"line":32,"column":16}}},"branchMap":{"1":{"line":26,"type":"if","locations":[{"start":{"line":26,"column":8},"end":{"line":26,"column":8}},{"start":{"line":26,"column":8},"end":{"line":26,"column":8}}]}}},
"contracts\\libraries\\RandomUtil.sol":{"l":{"19":0,"20":0,"21":0,"22":0,"26":0,"30":0},"path":"D:\\work\\kaki-mono.sol\\contracts\\libraries\\RandomUtil.sol","s":{"1":0,"2":0,"3":0,"4":0,"5":0,"6":0},"b":{},"f":{"1":0,"2":0,"3":0},"fnMap":{"1":{"name":"randomSeededMinMax","line":12,"loc":{"start":{"line":12,"column":4},"end":{"line":23,"column":4}}},"2":{"name":"combineSeeds","line":25,"loc":{"start":{"line":25,"column":4},"end":{"line":27,"column":4}}},"3":{"name":"combineSeeds","line":29,"loc":{"start":{"line":29,"column":4},"end":{"line":31,"column":4}}}},"statementMap":{"1":{"start":{"line":19,"column":8},"end":{"line":19,"column":42}},"2":{"start":{"line":20,"column":8},"end":{"line":20,"column":80}},"3":{"start":{"line":21,"column":8},"end":{"line":21,"column":37}},"4":{"start":{"line":22,"column":8},"end":{"line":22,"column":24}},"5":{"start":{"line":26,"column":8},"end":{"line":26,"column":65}},"6":{"start":{"line":30,"column":8},"end":{"line":30,"column":58}}},"branchMap":{}},
"contracts\\libraries\\SafeToken.sol":{"l":{"12":0,"16":0,"21":0,"22":0,"27":0,"28":0,"33":0,"34":0,"39":0,"40":0},"path":"D:\\work\\kaki-mono.sol\\contracts\\libraries\\SafeToken.sol","s":{"1":0,"2":0,"3":0,"4":0,"5":0,"6":0,"7":0,"8":0,"9":0,"10":0},"b":{"1":[0,0],"2":[0,0],"3":[0,0],"4":[0,0]},"f":{"1":0,"2":0,"3":0,"4":0,"5":0,"6":0},"fnMap":{"1":{"name":"myBalance","line":11,"loc":{"start":{"line":11,"column":2},"end":{"line":13,"column":2}}},"2":{"name":"balanceOf","line":15,"loc":{"start":{"line":15,"column":2},"end":{"line":17,"column":2}}},"3":{"name":"safeApprove","line":19,"loc":{"start":{"line":19,"column":2},"end":{"line":23,"column":2}}},"4":{"name":"safeTransfer","line":25,"loc":{"start":{"line":25,"column":2},"end":{"line":29,"column":2}}},"5":{"name":"safeTransferFrom","line":31,"loc":{"start":{"line":31,"column":2},"end":{"line":35,"column":2}}},"6":{"name":"safeTransferETH","line":37,"loc":{"start":{"line":37,"column":2},"end":{"line":41,"column":2}}}},"statementMap":{"1":{"start":{"line":12,"column":4},"end":{"line":12,"column":57}},"2":{"start":{"line":16,"column":4},"end":{"line":16,"column":48}},"3":{"start":{"line":21,"column":4},"end":{"line":21,"column":97}},"4":{"start":{"line":22,"column":4},"end":{"line":22,"column":86}},"5":{"start":{"line":27,"column":4},"end":{"line":27,"column":97}},"6":{"start":{"line":28,"column":4},"end":{"line":28,"column":87}},"7":{"start":{"line":33,"column":4},"end":{"line":33,"column":103}},"8":{"start":{"line":34,"column":4},"end":{"line":34,"column":91}},"9":{"start":{"line":39,"column":4},"end":{"line":39,"column":58}},"10":{"start":{"line":40,"column":4},"end":{"line":40,"column":40}}},"branchMap":{"1":{"line":22,"type":"if","locations":[{"start":{"line":22,"column":4},"end":{"line":22,"column":4}},{"start":{"line":22,"column":4},"end":{"line":22,"column":4}}]},"2":{"line":28,"type":"if","locations":[{"start":{"line":28,"column":4},"end":{"line":28,"column":4}},{"start":{"line":28,"column":4},"end":{"line":28,"column":4}}]},"3":{"line":34,"type":"if","locations":[{"start":{"line":34,"column":4},"end":{"line":34,"column":4}},{"start":{"line":34,"column":4},"end":{"line":34,"column":4}}]},"4":{"line":40,"type":"if","locations":[{"start":{"line":40,"column":4},"end":{"line":40,"column":4}},{"start":{"line":40,"column":4},"end":{"line":40,"column":4}}]}}},
"contracts\\mock\\MockAlpacaToken.sol":{"l":{"22":0,"23":0,"24":0,"27":0,"31":0,"35":0,"39":0,"43":0,"44":0,"45":0,"49":0,"50":0,"51":0,"55":0,"59":0,"60":0,"61":0,"69":0,"70":0,"71":0,"72":0,"76":0,"80":0,"84":0,"88":0,"89":0,"91":0,"93":0,"94":0,"96":0,"97":0,"100":0,"105":0,"106":0,"110":0,"115":0,"116":0,"117":0,"122":0,"124":0,"126":0,"127":0,"128":0,"129":0,"134":0,"136":0,"138":0,"139":0,"142":0,"143":0,"146":0,"147":0,"149":0,"195":0,"203":0,"223":0,"227":0,"229":0,"231":0,"232":0,"233":0,"234":0,"235":0,"244":0,"245":0,"256":0,"258":0,"259":0,"260":0,"264":0,"265":0,"269":0,"270":0,"273":0,"274":0,"275":0,"276":0,"277":0,"278":0,"279":0,"281":0,"283":0,"286":0,"290":0,"291":0,"292":0,"294":0,"296":0,"304":0,"305":0,"307":0,"308":0,"309":0,"310":0,"313":0,"315":0,"316":0,"317":0,"318":0,"329":0,"331":0,"332":0,"334":0,"335":0,"338":0,"342":0,"343":0,"347":0,"348":0,"351":0},"path":"D:\\work\\kaki-mono.sol\\contracts\\mock\\MockAlpacaToken.sol","s":{"1":0,"2":0,"3":0,"4":0,"5":0,"6":0,"7":0,"8":0,"9":0,"10":0,"11":0,"12":0,"13":0,"14":0,"15":0,"16":0,"17":0,"18":0,"19":0,"20":0,"21":0,"22":0,"23":0,"24":0,"25":0,"26":0,"27":0,"28":0,"29":0,"30":0,"31":0,"32":0,"33":0,"34":0,"35":0,"36":0,"37":0,"38":0,"39":0,"40":0,"41":0,"42":0,"43":0,"44":0,"45":0,"46":0,"47":0,"48":0,"49":0,"50":0,"51":0,"52":0,"53":0,"54":0,"55":0,"56":0,"57":0,"58":0,"59":0,"60":0,"61":0,"62":0,"63":0,"64":0,"65":0,"66":0,"67":0,"68":0,"69":0,"70":0,"71":0,"72":0,"73":0,"74":0,"75":0,"76":0,"77":0,"78":0,"79":0,"80":0,"81":0,"82":0,"83":0,"84":0,"85":0,"86":0,"87":0,"88":0,"89":0,"90":0,"91":0,"92":0,"93":0,"94":0,"95":0,"96":0,"97":0,"98":0,"99":0,"100":0,"101":0,"102":0,"103":0,"104":0,"105":0,"106":0,"107":0,"108":0,"109":0,"110":0,"111":0},"b":{"1":[0,0],"2":[0,0],"3":[0,0],"4":[0,0],"5":[0,0],"6":[0,0],"7":[0,0],"8":[0,0],"9":[0,0],"10":[0,0],"11":[0,0],"12":[0,0],"13":[0,0],"14":[0,0],"15":[0,0],"16":[0,0],"17":[0,0],"18":[0,0],"19":[0,0],"20":[0,0],"21":[0,0],"22":[0,0],"23":[0,0],"24":[0,0],"25":[0,0],"26":[0,0]},"f":{"1":0,"2":0,"3":0,"4":0,"5":0,"6":0,"7":0,"8":0,"9":0,"10":0,"11":0,"12":0,"13":0,"14":0,"15":0,"16":0,"17":0,"18":0,"19":0,"20":0,"21":0,"22":0,"23":0,"24":0,"25":0,"26":0},"fnMap":{"1":{"name":"constructor","line":21,"loc":{"start":{"line":21,"column":4},"end":{"line":28,"column":4}}},"2":{"name":"cap","line":30,"loc":{"start":{"line":30,"column":4},"end":{"line":32,"column":4}}},"3":{"name":"unlockedSupply","line":34,"loc":{"start":{"line":34,"column":4},"end":{"line":36,"column":4}}},"4":{"name":"totalLock","line":38,"loc":{"start":{"line":38,"column":4},"end":{"line":40,"column":4}}},"5":{"name":"manualMint","line":42,"loc":{"start":{"line":42,"column":4},"end":{"line":46,"column":4}}},"6":{"name":"mint","line":48,"loc":{"start":{"line":48,"column":4},"end":{"line":52,"column":4}}},"7":{"name":"burn","line":54,"loc":{"start":{"line":54,"column":4},"end":{"line":56,"column":4}}},"8":{"name":"transfer","line":58,"loc":{"start":{"line":58,"column":4},"end":{"line":62,"column":4}}},"9":{"name":"transferFrom","line":64,"loc":{"start":{"line":64,"column":4},"end":{"line":73,"column":4}}},"10":{"name":"totalBalanceOf","line":75,"loc":{"start":{"line":75,"column":4},"end":{"line":77,"column":4}}},"11":{"name":"lockOf","line":79,"loc":{"start":{"line":79,"column":4},"end":{"line":81,"column":4}}},"12":{"name":"lastUnlockBlock","line":83,"loc":{"start":{"line":83,"column":4},"end":{"line":85,"column":4}}},"13":{"name":"lock","line":87,"loc":{"start":{"line":87,"column":4},"end":{"line":101,"column":4}}},"14":{"name":"canUnlockAmount","line":103,"loc":{"start":{"line":103,"column":4},"end":{"line":119,"column":4}}},"15":{"name":"unlock","line":121,"loc":{"start":{"line":121,"column":4},"end":{"line":130,"column":4}}},"16":{"name":"transferAll","line":133,"loc":{"start":{"line":133,"column":4},"end":{"line":150,"column":4}}},"17":{"name":"delegates","line":194,"loc":{"start":{"line":194,"column":4},"end":{"line":196,"column":4}}},"18":{"name":"delegate","line":202,"loc":{"start":{"line":202,"column":4},"end":{"line":204,"column":4}}},"19":{"name":"delegateBySig","line":215,"loc":{"start":{"line":215,"column":4},"end":{"line":236,"column":4}}},"20":{"name":"getCurrentVotes","line":243,"loc":{"start":{"line":243,"column":4},"end":{"line":246,"column":4}}},"21":{"name":"getPriorVotes","line":255,"loc":{"start":{"line":255,"column":4},"end":{"line":287,"column":4}}},"22":{"name":"_delegate","line":289,"loc":{"start":{"line":289,"column":4},"end":{"line":297,"column":4}}},"23":{"name":"_moveDelegates","line":299,"loc":{"start":{"line":299,"column":4},"end":{"line":321,"column":4}}},"24":{"name":"_writeCheckpoint","line":323,"loc":{"start":{"line":323,"column":4},"end":{"line":339,"column":4}}},"25":{"name":"safe32","line":341,"loc":{"start":{"line":341,"column":4},"end":{"line":344,"column":4}}},"26":{"name":"getChainId","line":346,"loc":{"start":{"line":346,"column":4},"end":{"line":352,"column":4}}}},"statementMap":{"1":{"start":{"line":22,"column":8},"end":{"line":22,"column":92}},"2":{"start":{"line":23,"column":8},"end":{"line":23,"column":45}},"3":{"start":{"line":24,"column":8},"end":{"line":24,"column":41}},"4":{"start":{"line":27,"column":8},"end":{"line":27,"column":40}},"5":{"start":{"line":31,"column":8},"end":{"line":31,"column":18}},"6":{"start":{"line":35,"column":8},"end":{"line":35,"column":44}},"7":{"start":{"line":39,"column":8},"end":{"line":39,"column":25}},"8":{"start":{"line":43,"column":8},"end":{"line":43,"column":84}},"9":{"start":{"line":44,"column":8},"end":{"line":44,"column":46}},"10":{"start":{"line":45,"column":8},"end":{"line":45,"column":25}},"11":{"start":{"line":49,"column":8},"end":{"line":49,"column":66}},"12":{"start":{"line":50,"column":8},"end":{"line":50,"column":26}},"13":{"start":{"line":51,"column":8},"end":{"line":51,"column":59}},"14":{"start":{"line":55,"column":8},"end":{"line":55,"column":31}},"15":{"start":{"line":59,"column":8},"end":{"line":59,"column":49}},"16":{"start":{"line":60,"column":8},"end":{"line":60,"column":78}},"17":{"start":{"line":61,"column":8},"end":{"line":61,"column":19}},"18":{"start":{"line":69,"column":8},"end":{"line":69,"column":43}},"19":{"start":{"line":70,"column":8},"end":{"line":70,"column":81}},"20":{"start":{"line":71,"column":8},"end":{"line":71,"column":72}},"21":{"start":{"line":72,"column":8},"end":{"line":72,"column":19}},"22":{"start":{"line":76,"column":8},"end":{"line":76,"column":55}},"23":{"start":{"line":80,"column":8},"end":{"line":80,"column":31}},"24":{"start":{"line":84,"column":8},"end":{"line":84,"column":41}},"25":{"start":{"line":88,"column":8},"end":{"line":88,"column":63}},"26":{"start":{"line":89,"column":8},"end":{"line":89,"column":70}},"27":{"start":{"line":91,"column":8},"end":{"line":91,"column":50}},"28":{"start":{"line":93,"column":8},"end":{"line":93,"column":54}},"29":{"start":{"line":94,"column":8},"end":{"line":94,"column":42}},"30":{"start":{"line":96,"column":8},"end":{"line":96,"column":3335}},"31":{"start":{"line":97,"column":12},"end":{"line":97,"column":57}},"32":{"start":{"line":100,"co
[...]
mn":21}},"12":{"start":{"line":52,"column":8},"end":{"line":52,"column":24}},"13":{"start":{"line":53,"column":8},"end":{"line":53,"column":27}},"14":{"start":{"line":54,"column":8},"end":{"line":54,"column":67}},"15":{"start":{"line":55,"column":8},"end":{"line":55,"column":67}},"16":{"start":{"line":56,"column":8},"end":{"line":56,"column":66}},"17":{"start":{"line":60,"column":8},"end":{"line":60,"column":42}},"18":{"start":{"line":65,"column":8},"end":{"line":65,"column":65}},"19":{"start":{"line":70,"column":8},"end":{"line":70,"column":62}},"20":{"start":{"line":71,"column":8},"end":{"line":71,"column":36}},"21":{"start":{"line":72,"column":8},"end":{"line":72,"column":66}},"22":{"start":{"line":73,"column":8},"end":{"line":73,"column":32}},"23":{"start":{"line":77,"column":8},"end":{"line":77,"column":62}},"24":{"start":{"line":78,"column":8},"end":{"line":78,"column":43}},"25":{"start":{"line":79,"column":8},"end":{"line":79,"column":36}},"26":{"start":{"line":81,"column":8},"end":{"line":81,"column":2594}},"27":{"start":{"line":82,"column":12},"end":{"line":82,"column":74}},"28":{"start":{"line":83,"column":15},"end":{"line":83,"column":2710}},"29":{"start":{"line":84,"column":12},"end":{"line":84,"column":76}},"30":{"start":{"line":87,"column":12},"end":{"line":87,"column":73}},"31":{"start":{"line":92,"column":8},"end":{"line":92,"column":66}},"32":{"start":{"line":94,"column":8},"end":{"line":94,"column":25}},"33":{"start":{"line":95,"column":8},"end":{"line":95,"column":25}},"34":{"start":{"line":96,"column":8},"end":{"line":96,"column":25}},"35":{"start":{"line":98,"column":8},"end":{"line":98,"column":3328}},"36":{"start":{"line":99,"column":12},"end":{"line":99,"column":82}},"37":{"start":{"line":100,"column":12},"end":{"line":100,"column":65}},"38":{"start":{"line":101,"column":12},"end":{"line":101,"column":71}},"39":{"start":{"line":102,"column":12},"end":{"line":102,"column":65}},"40":{"start":{"line":105,"column":8},"end":{"line":105,"column":25}},"41":{"start":{"line":107,"column":8},"end":{"line":107,"column":3700}},"42":{"start":{"line":108,"column":12},"end":{"line":108,"column":85}},"43":{"start":{"line":109,"column":12},"end":{"line":109,"column":72}},"44":{"start":{"line":112,"column":8},"end":{"line":112,"column":65}},"45":{"start":{"line":113,"column":8},"end":{"line":113,"column":37}},"46":{"start":{"line":114,"column":8},"end":{"line":114,"column":40}},"47":{"start":{"line":116,"column":8},"end":{"line":116,"column":4085}},"48":{"start":{"line":117,"column":12},"end":{"line":117,"column":75}},"49":{"start":{"line":120,"column":8},"end":{"line":120,"column":4211}},"50":{"start":{"line":121,"column":12},"end":{"line":121,"column":61}},"51":{"start":{"line":127,"column":8},"end":{"line":127,"column":29}},"52":{"start":{"line":131,"column":8},"end":{"line":131,"column":23}},"53":{"start":{"line":135,"column":8},"end":{"line":135,"column":23}},"54":{"start":{"line":139,"column":8},"end":{"line":139,"column":40}},"55":{"start":{"line":143,"column":8},"end":{"line":143,"column":65}},"56":{"start":{"line":144,"column":8},"end":{"line":144,"column":41}},"57":{"start":{"line":148,"column":8},"end":{"line":148,"column":68}},"58":{"start":{"line":149,"column":8},"end":{"line":149,"column":43}},"59":{"start":{"line":153,"column":8},"end":{"line":153,"column":21}}},"branchMap":{"1":{"line":60,"type":"if","locations":[{"start":{"line":60,"column":8},"end":{"line":60,"column":8}},{"start":{"line":60,"column":8},"end":{"line":60,"column":8}}]},"2":{"line":65,"type":"if","locations":[{"start":{"line":65,"column":8},"end":{"line":65,"column":8}},{"start":{"line":65,"column":8},"end":{"line":65,"column":8}}]},"3":{"line":81,"type":"if","locations":[{"start":{"line":81,"column":8},"end":{"line":81,"column":8}},{"start":{"line":81,"column":8},"end":{"line":81,"column":8}}]},"4":{"line":83,"type":"if","locations":[{"start":{"line":83,"column":15},"end":{"line":83,"column":15}},{"start":{"line":83,"column":15},"end":{"line":83,"column":15}}]},"5":{"line":92,"type":"if","locations":[{"start":{"line":92,"column":8},"end":{"line":92,"column":8}},{"start":{"line":92,"column":8},"end":{"line":92,"column":8}}]},"6":{"line":99,"type":"if","locations":[{"start":{"line":99,"column":12},"end":{"line":99,"column":12}},{"start":{"line":99,"column":12},"end":{"line":99,"column":12}}]},"7":{"line":108,"type":"if","locations":[{"start":{"line":108,"column":12},"end":{"line":108,"column":12}},{"start":{"line":108,"column":12},"end":{"line":108,"column":12}}]},"8":{"line":112,"type":"if","locations":[{"start":{"line":112,"column":8},"end":{"line":112,"column":8}},{"start":{"line":112,"column":8},"end":{"line":112,"column":8}}]},"9":{"line":120,"type":"if","locations":[{"start":{"line":120,"column":8},"end":{"line":120,"column":8}},{"start":{"line":120,"column":8},"end":{"line":120,"column":8}}]},"10":{"line":143,"type":"if","locations":[{"start":{"line":143,"column":8},"end":{"line":143,"column":8}},{"start":{"line":143,"column":8},"end":{"line":143,"column":8}}]},"11":{"line":148,"type":"if","locations":[{"start":{"line":148,"column":8},"end":{"line":148,"column":8}},{"start":{"line":148,"column":8},"end":{"line":148,"column":8}}]}}},
"contracts\\ticketV2\\KakiTicket.sol":{"l":{"10":3,"11":3,"21":184,"22":184,"23":184,"24":184,"25":180,"26":180,"27":170,"31":405},"path":"D:\\work\\kaki-mono.sol\\contracts\\ticketV2\\KakiTicket.sol","s":{"1":3,"2":3,"3":184,"4":184,"5":184,"6":184,"7":180,"8":180,"9":170,"10":405},"b":{},"f":{"1":3,"2":184,"3":405},"fnMap":{"1":{"name":"initialize","line":9,"loc":{"start":{"line":9,"column":4},"end":{"line":12,"column":4}}},"2":{"name":"mint","line":20,"loc":{"start":{"line":14,"column":4},"end":{"line":28,"column":4}}},"3":{"name":"getTicketInfo","line":30,"loc":{"start":{"line":30,"column":4},"end":{"line":32,"column":4}}}},"statementMap":{"1":{"start":{"line":10,"column":8},"end":{"line":10,"column":52}},"2":{"start":{"line":11,"column":8},"end":{"line":11,"column":24}},"3":{"start":{"line":21,"column":8},"end":{"line":21,"column":30}},"4":{"start":{"line":22,"column":8},"end":{"line":22,"column":26}},"5":{"start":{"line":23,"column":8},"end":{"line":23,"column":52}},"6":{"start":{"line":24,"column":8},"end":{"line":24,"column":40}},"7":{"start":{"line":25,"column":8},"end":{"line":25,"column":42}},"8":{"start":{"line":26,"column":8},"end":{"line":26,"column":40}},"9":{"start":{"line":27,"column":8},"end":{"line":27,"column":24}},"10":{"start":{"line":31,"column":8},"end":{"line":31,"column":37}}},"branchMap":{}},
"contracts\\zap\\Zap.sol":{"l":{"21":0,"22":0,"23":0,"24":0,"25":0,"26":0,"32":0,"33":0,"34":0,"35":0,"36":0,"37":0,"38":0,"39":0,"40":0,"41":0,"42":0,"43":0,"44":0,"46":0,"47":0,"50":0,"55":0,"59":0,"60":0,"62":0,"63":0,"65":0,"66":0,"67":0,"69":0,"70":0,"73":0,"74":0,"76":0,"82":0,"83":0,"88":0,"89":0,"91":0,"92":0,"93":0,"94":0,"95":0,"96":0,"97":0,"98":0,"99":0,"100":0,"102":0,"103":0,"104":0,"105":0,"106":0,"107":0,"108":0,"114":0,"115":0,"116":0,"117":0,"119":0,"120":0,"124":0,"125":0,"126":0,"127":0,"129":0,"130":0,"134":0,"135":0,"136":0,"137":0,"138":0,"140":0,"141":0,"142":0,"143":0,"146":0,"147":0,"151":0,"152":0,"154":0,"155":0,"156":0,"157":0,"159":0,"164":0,"169":0,"170":0,"171":0,"173":0,"177":0,"178":0,"179":0,"180":0,"184":0,"185":0,"186":0,"187":0,"188":0,"189":0,"195":0,"196":0},"path":"D:\\work\\kaki-mono.sol\\contracts\\zap\\Zap.sol","s":{"1":0,"2":0,"3":0,"4":0,"5":0,"6":0,"7":0,"8":0,"9":0,"10":0,"11":0,"12":0,"13":0,"14":0,"15":0,"16":0,"17":0,"18":0,"19":0,"20":0,"21":0,"22":0,"23":0,"24":0,"25":0,"26":0,"27":0,"28":0,"29":0,"30":0,"31":0,"32":0,"33":0,"34":0,"35":0,"36":0,"37":0,"38":0,"39":0,"40":0,"41":0,"42":0,"43":0,"44":0,"45":0,"46":0,"47":0,"48":0,"49":0,"50":0,"51":0,"52":0,"53":0,"54":0,"55":0,"56":0,"57":0,"58":0,"59":0,"60":0,"61":0,"62":0,"63":0,"64":0,"65":0,"66":0,"67":0,"68":0,"69":0,"70":0,"71":0,"72":0,"73":0,"74":0,"75":0,"76":0,"77":0,"78":0,"79":0,"80":0,"81":0,"82":0,"83":0,"84":0,"85":0,"86":0,"87":0,"88":0,"89":0,"90":0,"91":0,"92":0,"93":0,"94":0,"95":0,"96":0,"97":0,"98":0,"99":0,"100":0,"101":0,"102":0,"103":0},"b":{"1":[0,0],"2":[0,0],"3":[0,0],"4":[0,0],"5":[0,0],"6":[0,0],"7":[0,0],"8":[0,0],"9":[0,0],"10":[0,0],"11":[0,0],"12":[0,0],"13":[0,0],"14":[0,0],"15":[0,0],"16":[0,0]},"f":{"1":0,"2":0,"3":0,"4":0,"5":0,"6":0,"7":0,"8":0,"9":0,"10":0,"11":0,"12":0,"13":0,"14":0,"15":0},"fnMap":{"1":{"name":"initialize","line":20,"loc":{"start":{"line":20,"column":4},"end":{"line":27,"column":4}}},"2":{"name":"zapInToken","line":31,"loc":{"start":{"line":31,"column":4},"end":{"line":52,"column":4}}},"3":{"name":"zapIn","line":54,"loc":{"start":{"line":54,"column":4},"end":{"line":56,"column":4}}},"4":{"name":"zapOut","line":58,"loc":{"start":{"line":58,"column":4},"end":{"line":79,"column":4}}},"5":{"name":"_approveTokenIfNeeded","line":81,"loc":{"start":{"line":81,"column":4},"end":{"line":85,"column":4}}},"6":{"name":"_swapBNBToLp","line":87,"loc":{"start":{"line":87,"column":4},"end":{"line":111,"column":4}}},"7":{"name":"_swapBNBForToken","line":113,"loc":{"start":{"line":113,"column":4},"end":{"line":121,"column":4}}},"8":{"name":"_swapTokenForBNB","line":123,"loc":{"start":{"line":123,"column":4},"end":{"line":131,"column":4}}},"9":{"name":"_swap","line":133,"loc":{"start":{"line":133,"column":4},"end":{"line":148,"column":4}}},"10":{"name":"_safeSwapToBNB","line":150,"loc":{"start":{"line":150,"column":4},"end":{"line":160,"column":4}}},"11":{"name":"isLP","line":163,"loc":{"start":{"line":163,"column":4},"end":{"line":165,"column":4}}},"12":{"name":"setNotLP","line":168,"loc":{"start":{"line":168,"column":4},"end":{"line":174,"column":4}}},"13":{"name":"removeToken","line":176,"loc":{"start":{"line":176,"column":4},"end":{"line":181,"column":4}}},"14":{"name":"cleanLeft","line":183,"loc":{"start":{"line":183,"column":4},"end":{"line":192,"column":4}}},"15":{"name":"setFoundation","line":194,"loc":{"start":{"line":194,"column":4},"end":{"line":197,"column":4}}}},"statementMap":{"1":{"start":{"line":21,"column":8},"end":{"line":21,"column":29}},"2":{"start":{"line":22,"column":8},"end":{"line":22,"column":76}},"3":{"start":{"line":23,"column":8},"end":{"line":23,"column":66}},"4":{"start":{"line":24,"column":8},"end":{"line":24,"column":21}},"5":{"start":{"line":25,"column":8},"end":{"line":25,"column":21}},"6":{"start":{"line":26,"column":8},"end":{"line":26,"column":21}},"7":{"start":{"line":32,"column":8},"end":{"line":32,"column":67}},"8":{"start":{"line":33,"column":8},"end":{"line":33,"column":34}},"9":{"start":{"line":34,"column":8},"end":{"line":34,"column":1317}},"10":{"start":{"line":35,"column":12},"end":{"line":35,"column":48}},"11":{"start":{"line":36,"column":12},"end":{"line":36,"column":42}},"12":{"start":{"line":37,"column":12},"end":{"line":37,"column":42}},"13":{"start":{"line":38,"column":12},"end":{"line":38,"column":1487}},"14":{"start":{"line":39,"column":16},"end":{"line":39,"column":64}},"15":{"start":{"line":40,"column":16},"end":{"line":40,"column":43}},"16":{"start":{"line":41,"column":16},"end":{"line":41,"column":44}},"17":{"start":{"line":42,"column":16},"end":{"line":42,"column":80}},"18":{"start":{"line":43,"column":16},"end":{"line":43,"column":39}},"19":{"start":{"line":44,"column":16},"end":{"line":44,"column":116}},"20":{"start":{"line":46,"column":16},"end":{"line":46,"column":118}},"21":{"start":{"line":47,"column":16},"end":{"line":47,"column":54}},"22":{"start":{"line":50,"column":12},"end":{"line":50,"column":46}},"23":{"start":{"line":55,"column":8},"end":{"line":55,"column":46}},"24":{"start":{"line":59,"column":8},"end":{"line":59,"column":67}},"25":{"start":{"line":60,"column":8},"end":{"line":60,"column":34}},"26":{"start":{"line":62,"column":8},"end":{"line":62,"column":2513}},"27":{"start":{"line":63,"column":12},"end":{"line":63,"column":53}},"28":{"start":{"line":65,"column":12},"end":{"line":65,"column":50}},"29":{"start":{"line":66,"column":12},"end":{"line":66,"column":42}},"30":{"start":{"line":67,"column":12},"end":{"line":67,"column":42}},"31":{"start":{"line":69,"column":12},"end":{"line":69,"column":2762}},"32":{"start":{"line":70,"column":16},"end":{"line":70,"column":39}},"33":{"start":{"line":73,"column":12},"end":{"line":73,"column":2863}},"34":{"start":{"line":74,"column":16},"end":{"line":74,"column":117}},"35":{"start":{"line":76,"column":16},"end":{"line":76,"column":96}},"36":{"start":{"line":82,"column":8},"end":{"line":82,"column":3238}},"37":{"start":{"line":83,"column":12},"end":{"line":83,"column":123}},"38":{"start":{"line":88,"column":8},"end":{"line":88,"column":3537}},"39":{"start":{"line":89,"column":12},"end":{"line":89,"column":49}},"40":{"start":{"line":91,"column":12},"end":{"line":91,"column":48}},"41":{"start":{"line":92,"column":12},"end":{"line":92,"column":42}},"42":{"start":{"line":93,"column":12},"end":{"line":93,"column":42}},"43":{"start":{"line":94,"column":12},"end":{"line":94,"column":3777}},"44":{"start":{"line":95,"column":16},"end":{"line":95,"column":64}},"45":{"start":{"line":96,"column":16},"end":{"line":96,"column":43}},"46":{"start":{"line":97,"column":16},"end":{"line":97,"column":84}},"47":{"start":{"line":98,"column":16},"end":{"line":98,"column":43}},"48":{"start":{"line":99,"column":16},"end":{"line":99,"column":39}},"49":{"start":{"line":100,"column":16},"end":{"line":100,"column":118}},"50":{"start":{"line":102,"column":16},"end":{"line":102,"column":43}},"51":{"start":{"line":103,"column":16},"end":{"line":103,"column":86}},"52":{"start":{"line":104,"column":16},"end":{"line":104,"column":95}},"53":{"start":{"line":105,"column":16},"end":{"line":105,"column":44}},"54":{"start":{"line":106,"column":16},"end":{"line":106,"column":44}},"55":{"start":{"line":107,"column":16},"end":{"line":107,"column":39}},"56":{"start":{"line":108,"column":16},"end":{"line":108,"column":111}},"57":{"start":{"line":114,"column":8},"end":{"line":114,"column":29}},"58":{"start":{"line":115,"column":8},"end":{"line":115,"column":30}},"59":{"start":{"line":116,"column":8},"end":{"line":116,"column":21}},"60":{"start":{"line":117,"column":8},"end":{"line":117,"column":22}},"61":{"start":{"line":119,"column":8},"end":{"line":119,"column":112}},"62":{"start":{"line":120,"column":8},"end":{"line":120,"column":42}},"63":{"start":{"line":124,"column":8},"end":{"line":124,"column":29}},"64":{"start":{"line":125,"column":8},"end":{"line":125,"column":30}},"65":{"start":{"line":126,"column":8},"end":{"line":126,"column":22}},"66":{"start":{"line":127,"column":8},"end":{"line":127,"column":21}},"67":{"start":{"line":129,"column":8},"end":{"line":129,"column":104}},"68":{"start":{"line":130,"column":8},"end":{"line":130,"column":42}},"69":{"start":{"line":134,"column":8},"end":{"line":134,"column":29}},"70":{"start":{"line":135,"column":8},"end":{"line":135,"column":5643}},"71":{"start":{"line":136,"column":12},"end":{"line":136,"column":34}},"72":{"start":{"line":137,"column":12},"end":{"line":137,"column":25}},"73":{"start":{"line":138,"column":12},"end":{"line":138,"column":23}},"74":{"start":{"line":140,"column":12},"end":{"line":140,"column":34}},"75":{"start":{"line":141,"column":12},"end":{"line":141,"column":25}},"76":{"start":{"line":142,"column":12},"end":{"line":142,"column":25}},"77":{"start":{"line":143,"column":12},"end":{"line":143,"column":23}},"78":{"start":{"line":146,"column":8},"end":{"line":146,"column":101}},"79":{"start":{"line":147,"column":8},"end":{"line":147,"column":42}},"80":{"start":{"line":151,"column":8},"end":{"line":151,"column":91}},"81":{"start":{"line":152,"column":8},"end":{"line":152,"column":46}},"82":{"start":{"line":154,"column":8},"end":{"line":154,"column":67}},"83":{"start":{"line":155,"column":8},"end":{"line":155,"column":35}},"84":{"start":{"line":156,"column":8},"end":{"line":156,"column":73}},"85":{"start":{"line":157,"column":8},"end":{"line":157,"column":46}},"86":{"start":{"line":159,"column":8},"end":{"line":159,"column":48}},"87":{"start":{"line":164,"column":8},"end":{"line":164,"column":33}},"88":{"start":{"line":169,"column":8},"end":{"line":169,"column":55}},"89":{"start":{"line":170,"column":8},"end":{"line":170,"column":6958}},"90":{"start":{"line":171,"column":12},"end":{"line":171,"column":29}},"91":{"start":{"line":173,"column":8},"end":{"line":173,"column":31}},"92":{"start":{"line":177,"column":8},"end":{"line":177,"column":37}},"93":{"start":{"line":178,"column":8},"end":{"line":178,"column":32}},"94":{"start":{"line":179,"column":8},"end":{"line":179,"column":48}},"95":{"start":{"line":180,"column":8},"end":{"line":180,"column":19}},"96":{"start":{"line":184,"column":8},"end":{"line":184,"column":7337}},"97":{"start":{"line":185,"column":12},"end":{"line":185,"column":37}},"98":{"start":{"line":186,"column":12},"end":{"line":186,"column":45}},"99":{"start":{"line":187,"column":12},"end":{"line":187,"column":64}},"100":{"start":{"line":188,"column":12},"end":{"line":188,"column":7548}},"101":{"start":{"line":189,"column":16},"end":{"line":189,"column":62}},"102":{"start":{"line":195,"column":8},"end":{"line":195,"column":73}},"103":{"start":{"line":196,"column":8},"end":{"line":196,"column":37}}},"branchMap":{"1":{"line":34,"type":"if","locations":[{"start":{"line":34,"column":8},"end":{"line":34,"column":8}},{"start":{"line":34,"column":8},"end":{"line":34,"column":8}}]},"2":{"line":38,"type":"if","locations":[{"start":{"line":38,"column":12},"end":{"line":38,"column":12}},{"start":{"line":38,"column":12},"end":{"line":38,"column":12}}]},"3":{"line":62,"type":"if","locations":[{"start":{"line":62,"column":8},"end":{"line":62,"column":8}},{"start":{"line":62,"column":8},"end":{"line":62,"column":8}}]},"4":{"line":69,"type":"if","locations":[{"start":{"line":69,"column":12},"end":{"line":69,"column":12}},{"start":{"line":69,"column":12},"end":{"line":69,"column":12}}]},"5":{"line":73,"type":"if","locations":[{"start":{"line":73,"column":12},"end":{"line":73,"column":12}},{"start":{"line":73,"column":12},"end":{"line":73,"column":12}}]},"6":{"line":82,"type":"if","locations":[{"start":{"line":82,"column":8},"end":{"line":82,"column":8}},{"start":{"line":82,"column":8},"end":{"line":82,"column":8}}]},"7":{"line":88,"type":"if","locations":[{"start":{"line":88,"column":8},"end":{"line":88,"column":8}},{"start":{"line":88,"column":8},"end":{"line":88,"column":8}}]},"8":{"line":94,"type":"if","locations":[{"start":{"line":94,"column":12},"end":{"line":94,"column":12}},{"start":{"line":94,"column":12},"end":{"line":94,"column":12}}]},"9":{"line":135,"type":"if","locations":[{"start":{"line":135,"column":8},"end":{"line":135,"column":8}},{"start":{"line":135,"column":8},"end":{"line":135,"column":8}}]},"10":{"line":151,"type":"if","locations":[{"start":{"line":151,"column":8},"end":{"line":151,"column":8}},{"start":{"line":151,"column":8},"end":{"line":151,"column":8}}]},"11":{"line":157,"type":"if","locations":[{"start":{"line":157,"column":8},"end":{"line":157,"column":8}},{"start":{"line":157,"column":8},"end":{"line":157,"column":8}}]},"12":{"line":169,"type":"if","locations":[{"start":{"line":169,"column":8},"end":{"line":169,"column":8}},{"start":{"line":169,"column":8},"end":{"line":169,"column":8}}]},"13":{"line":170,"type":"if","locations":[{"start":{"line":170,"column":8},"end":{"line":170,"column":8}},{"start":{"line":170,"column":8},"end":{"line":170,"column":8}}]},"14":{"line":186,"type":"if","locations":[{"start":{"line":186,"column":12},"end":{"line":186,"column":12}},{"start":{"line":186,"column":12},"end":{"line":186,"column":12}}]},"15":{"line":188,"type":"if","locations":[{"start":{"line":188,"column":12},"end":{"line":188,"column":12}},{"start":{"line":188,"column":12},"end":{"line":188,"column":12}}]},"16":{"line":195,"type":"if","locations":[{"start":{"line":195,"column":8},"end":{"line":195,"column":8}},{"start":{"line":195,"column":8},"end":{"line":195,"column":8}}]}}}}
