TN:
SF:D:\work\kaki-mono.sol\contracts\base\AddressList.sol
FN:21,initialize
FN:25,isInAddressList
FN:29,length
FN:33,addressAt
FN:37,addressRange
FN:46,addToAddressList
FN:54,tryAddAddresses
FN:63,deleteAddresses
FN:71,tryDeleteAddresses
FN:80,version
FNF:10
FNH:1
FNDA:3,initialize
FNDA:0,isInAddressList
FNDA:0,length
FNDA:0,addressAt
FNDA:0,addressRange
FNDA:0,addToAddressList
FNDA:0,tryAddAddresses
FNDA:0,deleteAddresses
FNDA:0,tryDeleteAddresses
FNDA:0,version
DA:22,3
DA:26,0
DA:30,0
DA:34,0
DA:38,0
DA:39,0
DA:40,0
DA:47,0
DA:48,0
DA:49,0
DA:50,0
DA:55,0
DA:56,0
DA:57,0
DA:58,0
DA:64,0
DA:65,0
DA:66,0
DA:67,0
DA:72,0
DA:73,0
DA:74,0
DA:75,0
DA:81,0
LF:24
LH:1
BRDA:49,1,0,0
BRDA:49,1,1,0
BRDA:57,2,0,0
BRDA:57,2,1,0
BRDA:66,3,0,0
BRDA:66,3,1,0
BRDA:74,4,0,0
BRDA:74,4,1,0
BRF:8
BRH:0
end_of_record
TN:
SF:D:\work\kaki-mono.sol\contracts\base\AllowERC721.sol
FN:13,checkAllowByTokenId
FN:19,allowTransfer
FN:28,__AllowERC721_init
FN:32,batchTransfer
FN:41,batchTransferSame
FN:56,safeTransferFrom
FN:68,transferFrom
FN:81,safeTransferFrom
FNF:8
FNH:0
FNDA:0,checkAllowByTokenId
FNDA:0,allowTransfer
FNDA:0,__AllowERC721_init
FNDA:0,batchTransfer
FNDA:0,batchTransferSame
FNDA:0,safeTransferFrom
FNDA:0,transferFrom
FNDA:0,safeTransferFrom
DA:14,0
DA:15,0
DA:16,0
DA:25,0
DA:29,0
DA:33,0
DA:34,0
DA:35,0
DA:36,0
DA:37,0
DA:42,0
DA:43,0
DA:44,0
DA:45,0
DA:58,0
DA:70,0
DA:83,0
LF:17
LH:0
BRDA:15,1,0,0
BRDA:15,1,1,0
BRDA:34,2,0,0
BRDA:34,2,1,0
BRDA:36,3,0,0
BRDA:36,3,1,0
BRDA:44,4,0,0
BRDA:44,4,1,0
BRF:8
BRH:0
end_of_record
TN:
SF:D:\work\kaki-mono.sol\contracts\base\BaseERC721.sol
FN:14,__BaseERC721_init
FN:20,increaceTokenId
FN:24,setBaseTokenURI
FN:28,totalMinted
FN:32,tokensOfOwner
FN:41,supportsInterface
FN:51,batchTransfer
FN:59,batchTransferSame
FN:66,burn
FN:76,onERC721Received
FNF:10
FNH:3
FNDA:12,__BaseERC721_init
FNDA:290,increaceTokenId
FNDA:0,setBaseTokenURI
FNDA:301,totalMinted
FNDA:0,tokensOfOwner
FNDA:0,supportsInterface
FNDA:0,batchTransfer
FNDA:0,batchTransferSame
FNDA:0,burn
FNDA:0,onERC721Received
DA:15,12
DA:16,12
DA:17,12
DA:21,290
DA:25,0
DA:29,301
DA:33,0
DA:34,0
DA:35,0
DA:36,0
DA:38,0
DA:48,0
DA:52,0
DA:53,0
DA:54,0
DA:55,0
DA:60,0
DA:61,0
DA:62,0
DA:67,0
DA:68,0
DA:82,0
LF:22
LH:5
BRDA:53,1,0,0
BRDA:53,1,1,0
BRDA:67,2,0,0
BRDA:67,2,1,0
BRF:4
BRH:0
end_of_record
TN:
SF:D:\work\kaki-mono.sol\contracts\base\ChainlinkRandoms.sol
FN:44,constructor
FN:53,getRandomSeed
FN:57,getRandomSeedUsingHash
FN:66,requestRandomNumber
FN:75,pause
FN:79,unpause
FN:86,fulfillRandomness
FN:93,withdrawLink
FN:99,onlyOwner
FNF:9
FNH:0
FNDA:0,constructor
FNDA:0,getRandomSeed
FNDA:0,getRandomSeedUsingHash
FNDA:0,requestRandomNumber
FNDA:0,pause
FNDA:0,unpause
FNDA:0,fulfillRandomness
FNDA:0,withdrawLink
FNDA:0,onlyOwner
DA:46,0
DA:47,0
DA:49,0
DA:54,0
DA:58,0
DA:67,0
DA:68,0
DA:72,0
DA:76,0
DA:80,0
DA:90,0
DA:95,0
DA:100,0
DA:101,0
LF:14
LH:0
BRDA:67,1,0,0
BRDA:67,1,1,0
BRDA:68,2,0,0
BRDA:68,2,1,0
BRDA:100,3,0,0
BRDA:100,3,1,0
BRF:6
BRH:0
end_of_record
TN:
SF:D:\work\kaki-mono.sol\contracts\base\RandomUtil.sol
FN:12,randomSeededMinMax
FN:25,combineSeeds
FN:29,combineSeeds
FNF:3
FNH:1
FNDA:141,randomSeededMinMax
FNDA:0,combineSeeds
FNDA:0,combineSeeds
DA:19,141
DA:20,141
DA:21,141
DA:22,141
DA:26,0
DA:30,0
LF:6
LH:4
BRF:0
BRH:0
end_of_record
TN:
SF:D:\work\kaki-mono.sol\contracts\base\WithAddressList.sol
FN:11,__WithAllowList_init
FN:16,__WithAllowList_unchained
FN:21,checkIsInAddressList
FN:26,_checkInAddressList
FN:32,setIsNeedAddressList
FN:36,setAddressList
FN:40,isInAddressList
FNF:7
FNH:0
FNDA:0,__WithAllowList_init
FNDA:0,__WithAllowList_unchained
FNDA:0,checkIsInAddressList
FNDA:0,_checkInAddressList
FNDA:0,setIsNeedAddressList
FNDA:0,setAddressList
FNDA:0,isInAddressList
DA:12,0
DA:13,0
DA:17,0
DA:18,0
DA:22,0
DA:23,0
DA:27,0
DA:28,0
DA:33,0
DA:37,0
DA:41,0
LF:11
LH:0
BRDA:27,1,0,0
BRDA:27,1,1,0
BRDA:28,2,0,0
BRDA:28,2,1,0
BRF:4
BRH:0
end_of_record
TN:
SF:D:\work\kaki-mono.sol\contracts\base\WithAdminRole.sol
FN:10,__WithAdminRole_init
FN:16,onlyNonContract
FN:37,restricted
FN:42,onlyOwner
FN:47,setupAdmin
FN:51,revokeAdmin
FNF:6
FNH:4
FNDA:36,__WithAdminRole_init
FNDA:0,onlyNonContract
FNDA:268,restricted
FNDA:12,onlyOwner
FNDA:84,setupAdmin
FNDA:0,revokeAdmin
DA:11,36
DA:12,36
DA:13,36
DA:17,0
DA:18,0
DA:38,268
DA:39,268
DA:43,12
DA:44,12
DA:48,84
DA:52,0
LF:11
LH:8
BRDA:17,1,0,0
BRDA:17,1,1,0
BRDA:38,2,0,268
BRDA:38,2,1,0
BRDA:43,3,0,12
BRDA:43,3,1,0
BRF:6
BRH:2
end_of_record
TN:
SF:D:\work\kaki-mono.sol\contracts\base\WithRandom.sol
FN:11,__WithRandom_init
FN:15,__WithRandom_init_unchained
FN:19,random
FN:24,randomWithSeed
FN:35,currentDayth
FNF:5
FNH:3
FNDA:6,__WithRandom_init
FNDA:6,__WithRandom_init_unchained
FNDA:141,random
FNDA:0,randomWithSeed
FNDA:0,currentDayth
DA:12,6
DA:16,6
DA:20,141
DA:21,141
DA:29,0
DA:32,0
DA:36,0
LF:7
LH:4
BRF:0
BRH:0
end_of_record
TN:
SF:D:\work\kaki-mono.sol\contracts\base\WithRecover.sol
FN:10,__WithRecover_init
FN:14,recoverERC20
FN:18,withDraw
FN:22,recoverERC721
FN:28,
FNF:5
FNH:0
FNDA:0,__WithRecover_init
FNDA:0,recoverERC20
FNDA:0,withDraw
FNDA:0,recoverERC721
FNDA:0,
DA:11,0
DA:15,0
DA:19,0
DA:23,0
DA:24,0
LF:5
LH:0
BRF:0
BRH:0
end_of_record
TN:
SF:D:\work\kaki-mono.sol\contracts\captain\CaptainClaim.sol
FN:35,onlyNoneContract
FN:42,initialize
FN:54,isAble
FN:59,isSwitchAble
FN:74,mint
FN:86,switchByBox
FN:94,getRandId
FN:102,getList
FN:106,getTotalMint
FN:110,getMintTime
FN:115,setTokenIdList
FN:121,setTicketPrice
FN:125,setCapAdd
FN:129,setLimit
FN:141,setSwitchAble
FN:145,setAble
FN:149,setClaimLimit
FN:154,setFoundAdd
FN:159,sendToFoundation
FN:165,setMysteryAdd
FN:169,version
FNF:21
FNH:1
FNDA:0,onlyNoneContract
FNDA:3,initialize
FNDA:0,isAble
FNDA:0,isSwitchAble
FNDA:0,mint
FNDA:0,switchByBox
FNDA:0,getRandId
FNDA:0,getList
FNDA:0,getTotalMint
FNDA:0,getMintTime
FNDA:0,setTokenIdList
FNDA:0,setTicketPrice
FNDA:0,setCapAdd
FNDA:0,setLimit
FNDA:0,setSwitchAble
FNDA:0,setAble
FNDA:0,setClaimLimit
FNDA:0,setFoundAdd
FNDA:0,sendToFoundation
FNDA:0,setMysteryAdd
FNDA:0,version
DA:36,0
DA:37,0
DA:43,3
DA:44,3
DA:45,3
DA:46,3
DA:47,3
DA:48,3
DA:49,3
DA:50,3
DA:51,3
DA:55,0
DA:56,0
DA:60,0
DA:61,0
DA:76,0
DA:77,0
DA:78,0
DA:79,0
DA:80,0
DA:81,0
DA:82,0
DA:83,0
DA:87,0
DA:88,0
DA:89,0
DA:90,0
DA:91,0
DA:95,0
DA:96,0
DA:97,0
DA:98,0
DA:103,0
DA:107,0
DA:111,0
DA:116,0
DA:117,0
DA:122,0
DA:126,0
DA:130,0
DA:142,0
DA:146,0
DA:150,0
DA:151,0
DA:155,0
DA:156,0
DA:160,0
DA:161,0
DA:162,0
DA:166,0
DA:170,0
LF:51
LH:9
BRDA:36,1,0,0
BRDA:36,1,1,0
BRDA:55,2,0,0
BRDA:55,2,1,0
BRDA:60,3,0,0
BRDA:60,3,1,0
BRDA:76,4,0,0
BRDA:76,4,1,0
BRDA:77,5,0,0
BRDA:77,5,1,0
BRDA:78,6,0,0
BRDA:78,6,1,0
BRDA:150,7,0,0
BRDA:150,7,1,0
BRDA:155,8,0,0
BRDA:155,8,1,0
BRDA:162,9,0,0
BRDA:162,9,1,0
BRF:18
BRH:0
end_of_record
TN:
SF:D:\work\kaki-mono.sol\contracts\captain\KakiCaptain.sol
FN:33,isNLO
FN:38,initialize
FN:155,allowTransfer
FN:159,mint
FN:166,setCapTransfer
FN:170,setCapCreate
FN:177,setNLOAddress
FN:186,setMember
FN:192,setMiningRate
FN:201,setCombineRate
FN:208,getCapType
FN:219,getCapComb
FN:225,getCapInfo
FN:241,getCapStatus
FN:245,tokenURI
FN:252,version
FNF:16
FNH:1
FNDA:0,isNLO
FNDA:3,initialize
FNDA:0,allowTransfer
FNDA:0,mint
FNDA:0,setCapTransfer
FNDA:0,setCapCreate
FNDA:0,setNLOAddress
FNDA:0,setMember
FNDA:0,setMiningRate
FNDA:0,setCombineRate
FNDA:0,getCapType
FNDA:0,getCapComb
FNDA:0,getCapInfo
FNDA:0,getCapStatus
FNDA:0,tokenURI
FNDA:0,version
DA:34,0
DA:35,0
DA:39,3
DA:40,3
DA:41,3
DA:42,3
DA:44,3
DA:45,3
DA:47,3
DA:48,3
DA:49,3
DA:51,3
DA:83,3
DA:115,3
DA:148,3
DA:149,3
DA:150,3
DA:152,3
DA:156,0
DA:160,0
DA:161,0
DA:162,0
DA:163,0
DA:167,0
DA:171,0
DA:172,0
DA:178,0
DA:179,0
DA:187,0
DA:188,0
DA:189,0
DA:193,0
DA:194,0
DA:202,0
DA:203,0
DA:204,0
DA:209,0
DA:210,0
DA:211,0
DA:212,0
DA:213,0
DA:216,0
DA:220,0
DA:221,0
DA:222,0
DA:226,0
DA:227,0
DA:228,0
DA:229,0
DA:230,0
DA:232,0
DA:233,0
DA:235,0
DA:237,0
DA:242,0
DA:246,0
DA:247,0
DA:248,0
DA:249,0
DA:253,0
LF:60
LH:16
BRDA:34,1,0,0
BRDA:34,1,1,0
BRDA:161,2,0,0
BRDA:161,2,1,0
BRDA:178,3,0,0
BRDA:178,3,1,0
BRDA:211,4,0,0
BRDA:211,4,1,0
BRDA:232,5,0,0
BRDA:232,5,1,0
BRDA:234,6,0,0
BRDA:234,6,1,0
BRDA:246,7,0,0
BRDA:246,7,1,0
BRF:14
BRH:0
end_of_record
TN:
SF:D:\work\kaki-mono.sol\contracts\captain\MysteryBox.sol
FN:16,constructor
FN:21,mint
FN:27,batchMint
FN:35,tokenURI
FN:40,setTokenURI
FNF:5
FNH:1
FNDA:3,constructor
FNDA:0,mint
FNDA:0,batchMint
FNDA:0,tokenURI
FNDA:0,setTokenURI
DA:17,3
DA:23,0
DA:24,0
DA:29,0
DA:30,0
DA:31,0
DA:36,0
DA:41,0
LF:8
LH:1
BRF:0
BRH:0
end_of_record
TN:
SF:D:\work\kaki-mono.sol\contracts\claimLock\ClaimLock.sol
FN:25,noReentrant
FN:32,isFarm
FN:37,isTrading
FN:42,initialize
FN:52,lockFarmReward
FN:63,lockTradingReward
FN:74,claimFarmReward
FN:85,claimTradingReward
FN:94,getFarmAccInfo
FN:102,getClaimableFarmReward
FN:116,getTradingLockedReward
FN:120,getTradingUnlockedReward
FN:132,setTradingAdd
FN:137,setFarmAdd
FN:142,version
FNF:15
FNH:1
FNDA:0,noReentrant
FNDA:0,isFarm
FNDA:0,isTrading
FNDA:3,initialize
FNDA:0,lockFarmReward
FNDA:0,lockTradingReward
FNDA:0,claimFarmReward
FNDA:0,claimTradingReward
FNDA:0,getFarmAccInfo
FNDA:0,getClaimableFarmReward
FNDA:0,getTradingLockedReward
FNDA:0,getTradingUnlockedReward
FNDA:0,setTradingAdd
FNDA:0,setFarmAdd
FNDA:0,version
DA:26,0
DA:27,0
DA:28,0
DA:29,0
DA:33,0
DA:34,0
DA:38,0
DA:39,0
DA:43,3
DA:44,3
DA:45,3
DA:46,3
DA:47,3
DA:48,3
DA:49,3
DA:53,0
DA:54,0
DA:55,0
DA:64,0
DA:65,0
DA:66,0
DA:68,0
DA:69,0
DA:71,0
DA:75,0
DA:76,0
DA:77,0
DA:78,0
DA:79,0
DA:80,0
DA:81,0
DA:86,0
DA:87,0
DA:88,0
DA:89,0
DA:90,0
DA:95,0
DA:96,0
DA:97,0
DA:98,0
DA:103,0
DA:104,0
DA:105,0
DA:106,0
DA:107,0
DA:108,0
DA:109,0
DA:113,0
DA:117,0
DA:121,0
DA:122,0
DA:123,0
DA:127,0
DA:133,0
DA:134,0
DA:138,0
DA:139,0
DA:143,0
LF:58
LH:7
BRDA:26,1,0,0
BRDA:26,1,1,0
BRDA:33,2,0,0
BRDA:33,2,1,0
BRDA:38,3,0,0
BRDA:38,3,1,0
BRDA:64,4,0,0
BRDA:64,4,1,0
BRDA:65,5,0,0
BRDA:65,5,1,0
BRDA:68,6,0,0
BRDA:68,6,1,0
BRDA:75,7,0,0
BRDA:75,7,1,0
BRDA:86,8,0,0
BRDA:86,8,1,0
BRDA:106,9,0,0
BRDA:106,9,1,0
BRDA:107,10,0,0
BRDA:107,10,1,0
BRDA:122,11,0,0
BRDA:122,11,1,0
BRDA:133,12,0,0
BRDA:133,12,1,0
BRDA:138,13,0,0
BRDA:138,13,1,0
BRF:26
BRH:0
end_of_record
TN:
SF:D:\work\kaki-mono.sol\contracts\facet\Facet.sol
FN:12,initialize
FN:19,facetBalance
FN:24,facet
FN:29,currentDayth
FN:33,version
FNF:5
FNH:0
FNDA:0,initialize
FNDA:0,facetBalance
FNDA:0,facet
FNDA:0,currentDayth
FNDA:0,version
DA:13,0
DA:14,0
DA:15,0
DA:16,0
DA:20,0
DA:21,0
DA:25,0
DA:26,0
DA:30,0
DA:34,0
LF:10
LH:0
BRDA:25,1,0,0
BRDA:25,1,1,0
BRF:2
BRH:0
end_of_record
TN:
SF:D:\work\kaki-mono.sol\contracts\farm\DebtToken.sol
FN:8,constructor
FN:10,burn
FN:14,mint
FNF:3
FNH:0
FNDA:0,constructor
FNDA:0,burn
FNDA:0,mint
DA:11,0
DA:15,0
LF:2
LH:0
BRF:0
BRH:0
end_of_record
TN:
SF:D:\work\kaki-mono.sol\contracts\farm\KakiGarden.sol
FN:38,initialize
FN:48,setRewardLocker
FN:52,setOneDayBlocks
FN:56,setRewardTokenPrice
FN:70,addPool
FN:104,deposit
FN:138,withdraw
FN:154,_withdraw
FN:186,harvest
FN:190,_harvest
FN:198,harvestMany
FN:216,pendingReward
FN:222,dailyReward
FN:226,onlyHarvest
FN:236,poolInfoLength
FN:240,poolInfo
FN:244,poolApr
FN:257,approve
FN:263,version
FNF:19
FNH:1
FNDA:3,initialize
FNDA:0,setRewardLocker
FNDA:0,setOneDayBlocks
FNDA:0,setRewardTokenPrice
FNDA:0,addPool
FNDA:0,deposit
FNDA:0,withdraw
FNDA:0,_withdraw
FNDA:0,harvest
FNDA:0,_harvest
FNDA:0,harvestMany
FNDA:0,pendingReward
FNDA:0,dailyReward
FNDA:0,onlyHarvest
FNDA:0,poolInfoLength
FNDA:0,poolInfo
FNDA:0,poolApr
FNDA:0,approve
FNDA:0,version
DA:39,3
DA:40,3
DA:41,3
DA:43,3
DA:44,3
DA:45,3
DA:49,0
DA:53,0
DA:57,0
DA:71,0
DA:73,0
DA:74,0
DA:76,0
DA:95,0
DA:96,0
DA:97,0
DA:99,0
DA:100,0
DA:105,0
DA:106,0
DA:107,0
DA:108,0
DA:109,0
DA:111,0
DA:112,0
DA:113,0
DA:114,0
DA:116,0
DA:119,0
DA:120,0
DA:121,0
DA:122,0
DA:124,0
DA:127,0
DA:128,0
DA:129,0
DA:132,0
DA:133,0
DA:134,0
DA:135,0
DA:139,0
DA:155,0
DA:156,0
DA:157,0
DA:158,0
DA:159,0
DA:160,0
DA:161,0
DA:162,0
DA:163,0
DA:164,0
DA:165,0
DA:166,0
DA:168,0
DA:171,0
DA:172,0
DA:173,0
DA:174,0
DA:176,0
DA:177,0
DA:178,0
DA:180,0
DA:181,0
DA:182,0
DA:183,0
DA:187,0
DA:191,0
DA:192,0
DA:193,0
DA:195,0
DA:199,0
DA:200,0
DA:202,0
DA:203,0
DA:204,0
DA:205,0
DA:206,0
DA:207,0
DA:210,0
DA:211,0
DA:213,0
DA:217,0
DA:218,0
DA:219,0
DA:223,0
DA:227,0
DA:228,0
DA:229,0
DA:230,0
DA:231,0
DA:232,0
DA:237,0
DA:241,0
DA:245,0
DA:246,0
DA:247,0
DA:250,0
DA:258,0
DA:264,0
LF:99
LH:6
BRDA:71,1,0,0
BRDA:71,1,1,0
BRDA:96,2,0,0
BRDA:96,2,1,0
BRDA:99,3,0,0
BRDA:99,3,1,0
BRDA:106,4,0,0
BRDA:106,4,1,0
BRDA:108,5,0,0
BRDA:108,5,1,0
BRDA:113,6,0,0
BRDA:113,6,1,0
BRDA:114,7,0,0
BRDA:114,7,1,0
BRDA:120,8,0,0
BRDA:120,8,1,0
BRDA:121,9,0,0
BRDA:121,9,1,0
BRDA:128,10,0,0
BRDA:128,10,1,0
BRDA:155,11,0,0
BRDA:155,11,1,0
BRDA:158,12,0,0
BRDA:158,12,1,0
BRDA:161,13,0,0
BRDA:161,13,1,0
BRDA:165,14,0,0
BRDA:165,14,1,0
BRDA:172,15,0,0
BRDA:172,15,1,0
BRDA:192,16,0,0
BRDA:192,16,1,0
BRDA:200,17,0,0
BRDA:200,17,1,0
BRDA:210,18,0,0
BRDA:210,18,1,0
BRDA:229,19,0,0
BRDA:229,19,1,0
BRDA:246,20,0,0
BRDA:246,20,1,0
BRF:40
BRH:0
end_of_record
TN:
SF:D:\work\kaki-mono.sol\contracts\interfaces\IAddressList.sol
FNF:0
FNH:0
LF:0
LH:0
BRF:0
BRH:0
end_of_record
TN:
SF:D:\work\kaki-mono.sol\contracts\interfaces\IBaseERC721.sol
FNF:0
FNH:0
LF:0
LH:0
BRF:0
BRH:0
end_of_record
TN:
SF:D:\work\kaki-mono.sol\contracts\interfaces\IBlindBox.sol
FNF:0
FNH:0
LF:0
LH:0
BRF:0
BRH:0
end_of_record
TN:
SF:D:\work\kaki-mono.sol\contracts\interfaces\ICaptainClaim.sol
FNF:0
FNH:0
LF:0
LH:0
BRF:0
BRH:0
end_of_record
TN:
SF:D:\work\kaki-mono.sol\contracts\interfaces\IClaimLock.sol
FNF:0
FNH:0
LF:0
LH:0
BRF:0
BRH:0
end_of_record
TN:
SF:D:\work\kaki-mono.sol\contracts\interfaces\IDebtToken.sol
FNF:0
FNH:0
LF:0
LH:0
BRF:0
BRH:0
end_of_record
TN:
SF:D:\work\kaki-mono.sol\contracts\interfaces\IERC20.sol
FNF:0
FNH:0
LF:0
LH:0
BRF:0
BRH:0
end_of_record
TN:
SF:D:\work\kaki-mono.sol\contracts\interfaces\IFairLaunch.sol
FNF:0
FNH:0
LF:0
LH:0
BRF:0
BRH:0
end_of_record
TN:
SF:D:\work\kaki-mono.sol\contracts\interfaces\IKaki.sol
FNF:0
FNH:0
LF:0
LH:0
BRF:0
BRH:0
end_of_record
TN:
SF:D:\work\kaki-mono.sol\contracts\interfaces\IKakiCaptain.sol
FNF:0
FNH:0
LF:0
LH:0
BRF:0
BRH:0
end_of_record
TN:
SF:D:\work\kaki-mono.sol\contracts\interfaces\IKakiGarden.sol
FNF:0
FNH:0
LF:0
LH:0
BRF:0
BRH:0
end_of_record
TN:
SF:D:\work\kaki-mono.sol\contracts\interfaces\IKakiNoLoss.sol
FNF:0
FNH:0
LF:0
LH:0
BRF:0
BRH:0
end_of_record
TN:
SF:D:\work\kaki-mono.sol\contracts\interfaces\IKakiTicket.sol
FNF:0
FNH:0
LF:0
LH:0
BRF:0
BRH:0
end_of_record
TN:
SF:D:\work\kaki-mono.sol\contracts\interfaces\IMysteryBox.sol
FNF:0
FNH:0
LF:0
LH:0
BRF:0
BRH:0
end_of_record
TN:
SF:D:\work\kaki-mono.sol\contracts\interfaces\IPancakePair.sol
FNF:0
FNH:0
LF:0
LH:0
BRF:0
BRH:0
end_of_record
TN:
SF:D:\work\kaki-mono.sol\contracts\interfaces\IPancakeRouter01.sol
FNF:0
FNH:0
LF:0
LH:0
BRF:0
BRH:0
end_of_record
TN:
SF:D:\work\kaki-mono.sol\contracts\interfaces\IPancakeRouter02.sol
FNF:0
FNH:0
LF:0
LH:0
BRF:0
BRH:0
end_of_record
TN:
SF:D:\work\kaki-mono.sol\contracts\interfaces\IRandoms.sol
FNF:0
FNH:0
LF:0
LH:0
BRF:0
BRH:0
end_of_record
TN:
SF:D:\work\kaki-mono.sol\contracts\interfaces\ISwapPair.sol
FNF:0
FNH:0
LF:0
LH:0
BRF:0
BRH:0
end_of_record
TN:
SF:D:\work\kaki-mono.sol\contracts\interfaces\IVault.sol
FNF:0
FNH:0
LF:0
LH:0
BRF:0
BRH:0
end_of_record
TN:
SF:D:\work\kaki-mono.sol\contracts\interfaces\IWETH.sol
FNF:0
FNH:0
LF:0
LH:0
BRF:0
BRH:0
end_of_record
TN:
SF:D:\work\kaki-mono.sol\contracts\interfaces\IZap.sol
FNF:0
FNH:0
LF:0
LH:0
BRF:0
BRH:0
end_of_record
TN:
SF:D:\work\kaki-mono.sol\contracts\kaki\Kaki.sol
FN:16,initialize
FN:25,mint
FN:31,version
FNF:3
FNH:0
FNDA:0,initialize
FNDA:0,mint
FNDA:0,version
DA:18,0
DA:19,0
DA:20,0
DA:21,0
DA:26,0
DA:27,0
DA:28,0
DA:32,0
LF:8
LH:0
BRDA:26,1,0,0
BRDA:26,1,1,0
BRF:2
BRH:0
end_of_record
TN:
SF:D:\work\kaki-mono.sol\contracts\libraries\RandomUtil.sol
FN:12,randomSeededMinMax
FN:25,combineSeeds
FN:29,combineSeeds
FNF:3
FNH:0
FNDA:0,randomSeededMinMax
FNDA:0,combineSeeds
FNDA:0,combineSeeds
DA:19,0
DA:20,0
DA:21,0
DA:22,0
DA:26,0
DA:30,0
LF:6
LH:0
BRF:0
BRH:0
end_of_record
TN:
SF:D:\work\kaki-mono.sol\contracts\libraries\SafeToken.sol
FN:11,myBalance
FN:15,balanceOf
FN:19,safeApprove
FN:25,safeTransfer
FN:31,safeTransferFrom
FN:37,safeTransferETH
FNF:6
FNH:0
FNDA:0,myBalance
FNDA:0,balanceOf
FNDA:0,safeApprove
FNDA:0,safeTransfer
FNDA:0,safeTransferFrom
FNDA:0,safeTransferETH
DA:12,0
DA:16,0
DA:21,0
DA:22,0
DA:27,0
DA:28,0
DA:33,0
DA:34,0
DA:39,0
DA:40,0
LF:10
LH:0
BRDA:22,1,0,0
BRDA:22,1,1,0
BRDA:28,2,0,0
BRDA:28,2,1,0
BRDA:34,3,0,0
BRDA:34,3,1,0
BRDA:40,4,0,0
BRDA:40,4,1,0
BRF:8
BRH:0
end_of_record
TN:
SF:D:\work\kaki-mono.sol\contracts\mock\MockAlpacaToken.sol
FN:21,constructor
FN:30,cap
FN:34,unlockedSupply
FN:38,totalLock
FN:42,manualMint
FN:48,mint
FN:54,burn
FN:58,transfer
FN:64,transferFrom
FN:75,totalBalanceOf
FN:79,lockOf
FN:83,lastUnlockBlock
FN:87,lock
FN:103,canUnlockAmount
FN:121,unlock
FN:133,transferAll
FN:194,delegates
FN:202,delegate
FN:215,delegateBySig
FN:243,getCurrentVotes
FN:255,getPriorVotes
FN:289,_delegate
FN:299,_moveDelegates
FN:323,_writeCheckpoint
FN:341,safe32
FN:346,getChainId
FNF:26
FNH:0
FNDA:0,constructor
FNDA:0,cap
FNDA:0,unlockedSupply
FNDA:0,totalLock
FNDA:0,manualMint
FNDA:0,mint
FNDA:0,burn
FNDA:0,transfer
FNDA:0,transferFrom
FNDA:0,totalBalanceOf
FNDA:0,lockOf
FNDA:0,lastUnlockBlock
FNDA:0,lock
FNDA:0,canUnlockAmount
FNDA:0,unlock
FNDA:0,transferAll
FNDA:0,delegates
FNDA:0,delegate
FNDA:0,delegateBySig
FNDA:0,getCurrentVotes
FNDA:0,getPriorVotes
FNDA:0,_delegate
FNDA:0,_moveDelegates
FNDA:0,_writeCheckpoint
FNDA:0,safe32
FNDA:0,getChainId
DA:22,0
DA:23,0
DA:24,0
DA:27,0
DA:31,0
DA:35,0
DA:39,0
DA:43,0
DA:44,0
DA:45,0
DA:49,0
DA:50,0
DA:51,0
DA:55,0
DA:59,0
DA:60,0
DA:61,0
DA:69,0
DA:70,0
DA:71,0
DA:72,0
DA:76,0
DA:80,0
DA:84,0
DA:88,0
DA:89,0
DA:91,0
DA:93,0
DA:94,0
DA:96,0
DA:97,0
DA:100,0
DA:105,0
DA:106,0
DA:110,0
DA:115,0
DA:116,0
DA:117,0
DA:122,0
DA:124,0
DA:126,0
DA:127,0
DA:128,0
DA:129,0
DA:134,0
DA:136,0
DA:138,0
DA:139,0
DA:142,0
DA:143,0
DA:146,0
DA:147,0
DA:149,0
DA:195,0
DA:203,0
DA:223,0
DA:227,0
DA:229,0
DA:231,0
DA:232,0
DA:233,0
DA:234,0
DA:235,0
DA:244,0
DA:245,0
DA:256,0
DA:258,0
DA:259,0
DA:260,0
DA:264,0
DA:265,0
DA:269,0
DA:270,0
DA:273,0
DA:274,0
DA:275,0
DA:276,0
DA:277,0
DA:278,0
DA:279,0
DA:281,0
DA:283,0
DA:286,0
DA:290,0
DA:291,0
DA:292,0
DA:294,0
DA:296,0
DA:304,0
DA:305,0
DA:307,0
DA:308,0
DA:309,0
DA:310,0
DA:313,0
DA:315,0
DA:316,0
DA:317,0
DA:318,0
DA:329,0
DA:331,0
DA:332,0
DA:334,0
DA:335,0
DA:338,0
DA:342,0
DA:343,0
DA:347,0
DA:348,0
DA:351,0
LF:110
LH:0
BRDA:22,1,0,0
BRDA:22,1,1,0
BRDA:43,2,0,0
BRDA:43,2,1,0
BRDA:49,3,0,0
BRDA:49,3,1,0
BRDA:88,4,0,0
BRDA:88,4,1,0
BRDA:89,5,0,0
BRDA:89,5,1,0
BRDA:96,6,0,0
BRDA:96,6,1,0
BRDA:105,7,0,0
BRDA:105,7,1,0
BRDA:109,8,0,0
BRDA:109,8,1,0
BRDA:122,9,0,0
BRDA:122,9,1,0
BRDA:134,10,0,0
BRDA:134,10,1,0
BRDA:138,11,0,0
BRDA:138,11,1,0
BRDA:142,12,0,0
BRDA:142,12,1,0
BRDA:232,13,0,0
BRDA:232,13,1,0
BRDA:233,14,0,0
BRDA:233,14,1,0
BRDA:234,15,0,0
BRDA:234,15,1,0
BRDA:256,16,0,0
BRDA:256,16,1,0
BRDA:259,17,0,0
BRDA:259,17,1,0
BRDA:264,18,0,0
BRDA:264,18,1,0
BRDA:269,19,0,0
BRDA:269,19,1,0
BRDA:278,20,0,0
BRDA:278,20,1,0
BRDA:280,21,0,0
BRDA:280,21,1,0
BRDA:304,22,0,0
BRDA:304,22,1,0
BRDA:305,23,0,0
BRDA:305,23,1,0
BRDA:313,24,0,0
BRDA:313,24,1,0
BRDA:331,25,0,0
BRDA:331,25,1,0
BRDA:342,26,0,0
BRDA:342,26,1,0
BRF:52
BRH:0
end_of_record
TN:
SF:D:\work\kaki-mono.sol\contracts\mock\MockBlindBox.sol
FN:32,onERC721Received
FN:41,initialize
FN:59,isAble
FN:64,onlyNoneContract
FN:69,aBoxOpen
FN:75,bBoxOpen
FN:90,combine
FN:129,setSTicketProb
FN:133,setABoxPrice
FN:137,setBBoxPrice
FN:141,setERC721
FN:145,setSquidFoundAdd
FN:150,setSquidCoinBaseAdd
FN:155,setAble
FNF:14
FNH:5
FNDA:0,onERC721Received
FNDA:3,initialize
FNDA:114,isAble
FNDA:30,onlyNoneContract
FNDA:0,aBoxOpen
FNDA:84,bBoxOpen
FNDA:30,combine
FNDA:0,setSTicketProb
FNDA:0,setABoxPrice
FNDA:0,setBBoxPrice
FNDA:0,setERC721
FNDA:0,setSquidFoundAdd
FNDA:0,setSquidCoinBaseAdd
FNDA:0,setAble
DA:38,0
DA:42,3
DA:43,3
DA:44,3
DA:45,3
DA:46,3
DA:47,3
DA:48,3
DA:49,3
DA:50,3
DA:51,3
DA:52,3
DA:53,3
DA:54,3
DA:55,3
DA:56,3
DA:60,114
DA:61,114
DA:65,30
DA:66,30
DA:70,0
DA:71,0
DA:72,0
DA:76,84
DA:77,84
DA:78,84
DA:80,84
DA:81,28
DA:83,28
DA:84,28
DA:86,28
DA:91,30
DA:92,30
DA:94,30
DA:95,30
DA:96,30
DA:98,30
DA:99,90
DA:100,90
DA:101,90
DA:102,90
DA:105,30
DA:107,30
DA:108,90
DA:109,90
DA:112,30
DA:113,30
DA:114,30
DA:116,30
DA:117,90
DA:120,29
DA:121,29
DA:123,28
DA:124,15
DA:130,0
DA:134,0
DA:138,0
DA:142,0
DA:146,0
DA:147,0
DA:151,0
DA:152,0
DA:156,0
LF:63
LH:50
BRDA:60,1,0,114
BRDA:60,1,1,0
BRDA:65,2,0,30
BRDA:65,2,1,0
BRDA:80,3,0,28
BRDA:80,3,1,56
BRDA:82,4,0,28
BRDA:82,4,1,28
BRDA:91,5,0,30
BRDA:91,5,1,0
BRDA:99,6,0,90
BRDA:99,6,1,0
BRDA:108,7,0,90
BRDA:108,7,1,0
BRDA:112,8,0,30
BRDA:112,8,1,0
BRDA:123,9,0,15
BRDA:123,9,1,12
BRDA:146,10,0,0
BRDA:146,10,1,0
BRDA:151,11,0,0
BRDA:151,11,1,0
BRF:22
BRH:12
end_of_record
TN:
SF:D:\work\kaki-mono.sol\contracts\mock\mockChainLink.sol
FN:13,setLatestAnswer
FN:17,latestAnswer
FN:26,random
FNF:3
FNH:0
FNDA:0,setLatestAnswer
FNDA:0,latestAnswer
FNDA:0,random
DA:14,0
DA:18,0
DA:19,0
DA:21,0
DA:22,0
DA:27,0
DA:28,0
LF:7
LH:0
BRDA:18,1,0,0
BRDA:18,1,1,0
BRF:2
BRH:0
end_of_record
TN:
SF:D:\work\kaki-mono.sol\contracts\mock\MockFairLaunch.sol
FN:43,constructor
FN:58,poolLength
FN:62,addPool
FN:83,setPool
FN:93,pendingAlpaca
FN:107,updatePool
FN:144,deposit
FN:162,withdraw
FN:170,withdrawAll
FN:174,_withdraw
FN:195,harvest
FN:204,_harvest
FN:215,massUpdatePools
FN:223,getMultiplier
FN:236,safeAlpacaTransfer
FNF:15
FNH:0
FNDA:0,constructor
FNDA:0,poolLength
FNDA:0,addPool
FNDA:0,setPool
FNDA:0,pendingAlpaca
FNDA:0,updatePool
FNDA:0,deposit
FNDA:0,withdraw
FNDA:0,withdrawAll
FNDA:0,_withdraw
FNDA:0,harvest
FNDA:0,_harvest
FNDA:0,massUpdatePools
FNDA:0,getMultiplier
FNDA:0,safeAlpacaTransfer
DA:48,0
DA:49,0
DA:50,0
DA:52,0
DA:53,0
DA:59,0
DA:67,0
DA:68,0
DA:70,0
DA:71,0
DA:72,0
DA:88,0
DA:89,0
DA:90,0
DA:94,0
DA:95,0
DA:96,0
DA:97,0
DA:99,0
DA:100,0
DA:101,0
DA:102,0
DA:104,0
DA:108,0
DA:109,0
DA:110,0
DA:113,0
DA:114,0
DA:115,0
DA:116,0
DA:119,0
DA:120,0
DA:122,0
DA:123,0
DA:141,0
DA:149,0
DA:150,0
DA:152,0
DA:153,0
DA:154,0
DA:155,0
DA:156,0
DA:157,0
DA:158,0
DA:159,0
DA:167,0
DA:171,0
DA:179,0
DA:180,0
DA:181,0
DA:182,0
DA:183,0
DA:184,0
DA:185,0
DA:186,0
DA:187,0
DA:188,0
DA:189,0
DA:190,0
DA:192,0
DA:196,0
DA:197,0
DA:198,0
DA:199,0
DA:200,0
DA:201,0
DA:205,0
DA:206,0
DA:207,0
DA:208,0
DA:209,0
DA:210,0
DA:211,0
DA:216,0
DA:217,0
DA:218,0
DA:233,0
DA:237,0
DA:238,0
DA:239,0
DA:241,0
LF:81
LH:0
BRDA:67,1,0,0
BRDA:67,1,1,0
BRDA:99,2,0,0
BRDA:99,2,1,0
BRDA:109,3,0,0
BRDA:109,3,1,0
BRDA:114,4,0,0
BRDA:114,4,1,0
BRDA:153,5,0,0
BRDA:153,5,1,0
BRDA:154,6,0,0
BRDA:154,6,1,0
BRDA:181,7,0,0
BRDA:181,7,1,0
BRDA:182,8,0,0
BRDA:182,8,1,0
BRDA:188,9,0,0
BRDA:188,9,1,0
BRDA:189,10,0,0
BRDA:189,10,1,0
BRDA:207,11,0,0
BRDA:207,11,1,0
BRDA:209,12,0,0
BRDA:209,12,1,0
BRDA:238,13,0,0
BRDA:238,13,1,0
BRDA:239,14,0,0
BRDA:239,14,1,0
BRDA:241,15,0,0
BRDA:241,15,1,0
BRF:30
BRH:0
end_of_record
TN:
SF:D:\work\kaki-mono.sol\contracts\mock\MockFarm.sol
FN:8,constructor
FN:10,setClaim
FN:13,callLock
FNF:3
FNH:1
FNDA:3,constructor
FNDA:0,setClaim
FNDA:0,callLock
DA:11,0
DA:14,0
LF:2
LH:0
BRF:0
BRH:0
end_of_record
TN:
SF:D:\work\kaki-mono.sol\contracts\mock\MockKakiCaptain.sol
FN:33,isNLO
FN:38,initialize
FN:155,allowTransfer
FN:159,mint
FN:166,setCapTransfer
FN:170,setCapCreate
FN:180,setMember
FN:186,setMiningRate
FN:195,setCombineRate
FN:202,getCapType
FN:213,getCapComb
FN:219,getCapInfo
FN:235,getCapStatus
FN:239,tokenURI
FN:246,version
FNF:15
FNH:4
FNDA:0,isNLO
FNDA:3,initialize
FNDA:0,allowTransfer
FNDA:117,mint
FNDA:0,setCapTransfer
FNDA:0,setCapCreate
FNDA:0,setMember
FNDA:0,setMiningRate
FNDA:0,setCombineRate
FNDA:138,getCapType
FNDA:0,getCapComb
FNDA:138,getCapInfo
FNDA:0,getCapStatus
FNDA:0,tokenURI
FNDA:0,version
DA:34,0
DA:35,0
DA:39,3
DA:40,3
DA:41,3
DA:42,3
DA:44,3
DA:45,3
DA:47,3
DA:48,3
DA:49,3
DA:51,3
DA:83,3
DA:115,3
DA:148,3
DA:149,3
DA:150,3
DA:152,3
DA:156,0
DA:160,117
DA:161,117
DA:162,117
DA:163,117
DA:167,0
DA:171,0
DA:172,0
DA:181,0
DA:182,0
DA:183,0
DA:187,0
DA:188,0
DA:196,0
DA:197,0
DA:198,0
DA:203,138
DA:204,138
DA:205,2114
DA:206,138
DA:207,138
DA:210,138
DA:214,0
DA:215,0
DA:216,0
DA:220,138
DA:221,138
DA:222,138
DA:223,138
DA:224,138
DA:226,138
DA:227,47
DA:229,45
DA:231,46
DA:236,0
DA:240,0
DA:241,0
DA:242,0
DA:243,0
DA:247,0
LF:58
LH:35
BRDA:34,1,0,0
BRDA:34,1,1,0
BRDA:161,2,0,117
BRDA:161,2,1,0
BRDA:205,3,0,138
BRDA:205,3,1,1976
BRDA:226,4,0,47
BRDA:226,4,1,91
BRDA:228,5,0,45
BRDA:228,5,1,46
BRDA:240,6,0,0
BRDA:240,6,1,0
BRF:12
BRH:7
end_of_record
TN:
SF:D:\work\kaki-mono.sol\contracts\mock\MockRandom.sol
FN:29,constructor
FN:32,getRandomSeed
FN:36,getRandomSeedUsingHash
FN:40,setRandom
FNF:4
FNH:3
FNDA:3,constructor
FNDA:171,getRandomSeed
FNDA:0,getRandomSeedUsingHash
FNDA:21,setRandom
DA:33,171
DA:37,0
DA:41,21
LF:3
LH:2
BRF:0
BRH:0
end_of_record
TN:
SF:D:\work\kaki-mono.sol\contracts\mock\mockToken.sol
FN:12,constructor
FNF:1
FNH:1
FNDA:15,constructor
DA:14,15
LF:1
LH:1
BRF:0
BRH:0
end_of_record
TN:
SF:D:\work\kaki-mono.sol\contracts\mock\MockValt.sol
FN:11,constructor
FN:18,totalToken
FN:22,totalSupply
FN:27,deposit
FN:33,withdraw
FN:40,requestFunds
FN:42,token
FNF:7
FNH:0
FNDA:0,constructor
FNDA:0,totalToken
FNDA:0,totalSupply
FNDA:0,deposit
FNDA:0,withdraw
FNDA:0,requestFunds
FNDA:0,token
DA:13,0
DA:19,0
DA:23,0
DA:28,0
DA:29,0
DA:34,0
DA:35,0
DA:36,0
DA:43,0
LF:9
LH:0
BRF:0
BRH:0
end_of_record
TN:
SF:D:\work\kaki-mono.sol\contracts\mock\MockWithRandom.sol
FN:11,__WithRandom_init
FN:15,__WithRandom_init_unchained
FN:19,random
FN:24,setRandom
FN:28,randomWithSeed
FN:39,currentDayth
FNF:6
FNH:3
FNDA:3,__WithRandom_init
FNDA:3,__WithRandom_init_unchained
FNDA:30,random
FNDA:0,setRandom
FNDA:0,randomWithSeed
FNDA:0,currentDayth
DA:12,3
DA:16,3
DA:20,30
DA:21,30
DA:25,0
DA:33,0
DA:36,0
DA:40,0
LF:8
LH:4
BRF:0
BRH:0
end_of_record
TN:
SF:D:\work\kaki-mono.sol\contracts\mock\Tools.sol
FN:10,initialize
FN:14,approve
FN:18,deposit
FN:26,withdraw
FN:30,depositAndWithdraw
FN:41,version
FNF:6
FNH:0
FNDA:0,initialize
FNDA:0,approve
FNDA:0,deposit
FNDA:0,withdraw
FNDA:0,depositAndWithdraw
FNDA:0,version
DA:11,0
DA:15,0
DA:23,0
DA:27,0
DA:35,0
DA:36,0
DA:42,0
LF:7
LH:0
BRF:0
BRH:0
end_of_record
TN:
SF:D:\work\kaki-mono.sol\contracts\no-loss\IAggregatorInterface.sol
FNF:0
FNH:0
LF:0
LH:0
BRF:0
BRH:0
end_of_record
TN:
SF:D:\work\kaki-mono.sol\contracts\no-loss\KakiNoLoss.sol
FNF:0
FNH:0
LF:0
LH:0
BRF:0
BRH:0
end_of_record
TN:
SF:D:\work\kaki-mono.sol\contracts\squid\IAggregatorInterface.sol
FNF:0
FNH:0
LF:0
LH:0
BRF:0
BRH:0
end_of_record
TN:
SF:D:\work\kaki-mono.sol\contracts\squid\IKakiSquidGame.sol
FNF:0
FNH:0
LF:0
LH:0
BRF:0
BRH:0
end_of_record
TN:
SF:D:\work\kaki-mono.sol\contracts\squid\kakiSquidGame.sol
FN:56,onlyNoneContract
FN:69,initialize
FN:108,myInitChipCurrentChapter
FN:112,initChipOfOwner
FN:116,getMyWinChip
FN:120,getWinChipOfOwner
FN:127,startGame
FN:155,addBonus
FN:168,placeBet
FN:192,claim
FN:202,settle
FN:236,addLoot
FN:250,getRoundChip
FN:257,getUserBonus
FN:274,updateLastCheckChapterAndGetUserBonus
FN:280,roundStatus
FN:287,getTotalCall
FN:291,getTotalPut
FN:295,getMyCall
FN:299,getMyPut
FN:303,getCurrentChapterRound
FN:307,getHistoryChapMsg
FN:320,getTotalBonus
FN:324,getRoundPrice
FN:328,getTimestamp
FN:332,getDataForRobot
FN:336,getNextGameTime
FN:340,getCurrentChapter
FN:344,getLastRound
FN:348,updateNextGameTime
FN:357,updateKakiFoundationAddress
FN:366,updateKakiOracleAddress
FN:371,updateGameInterval
FN:376,updateKakiFoundationRate
FN:381,chapterInvalid
FN:391,setAggregateContract
FN:395,setKakiPayWallet
FN:399,version
FNF:38
FNH:1
FNDA:0,onlyNoneContract
FNDA:3,initialize
FNDA:0,myInitChipCurrentChapter
FNDA:0,initChipOfOwner
FNDA:0,getMyWinChip
FNDA:0,getWinChipOfOwner
FNDA:0,startGame
FNDA:0,addBonus
FNDA:0,placeBet
FNDA:0,claim
FNDA:0,settle
FNDA:0,addLoot
FNDA:0,getRoundChip
FNDA:0,getUserBonus
FNDA:0,updateLastCheckChapterAndGetUserBonus
FNDA:0,roundStatus
FNDA:0,getTotalCall
FNDA:0,getTotalPut
FNDA:0,getMyCall
FNDA:0,getMyPut
FNDA:0,getCurrentChapterRound
FNDA:0,getHistoryChapMsg
FNDA:0,getTotalBonus
FNDA:0,getRoundPrice
FNDA:0,getTimestamp
FNDA:0,getDataForRobot
FNDA:0,getNextGameTime
FNDA:0,getCurrentChapter
FNDA:0,getLastRound
FNDA:0,updateNextGameTime
FNDA:0,updateKakiFoundationAddress
FNDA:0,updateKakiOracleAddress
FNDA:0,updateGameInterval
FNDA:0,updateKakiFoundationRate
FNDA:0,chapterInvalid
FNDA:0,setAggregateContract
FNDA:0,setKakiPayWallet
FNDA:0,version
DA:57,0
DA:58,0
DA:70,3
DA:71,3
DA:72,3
DA:73,3
DA:74,3
DA:76,3
DA:78,3
DA:79,3
DA:80,3
DA:81,3
DA:82,3
DA:84,3
DA:85,3
DA:86,3
DA:109,0
DA:113,0
DA:117,0
DA:121,0
DA:122,0
DA:123,0
DA:128,0
DA:129,0
DA:130,0
DA:131,0
DA:133,0
DA:134,0
DA:135,0
DA:136,0
DA:137,0
DA:138,0
DA:139,0
DA:140,0
DA:141,0
DA:142,0
DA:144,0
DA:145,0
DA:146,0
DA:147,0
DA:148,0
DA:156,0
DA:157,0
DA:158,0
DA:159,0
DA:160,0
DA:161,0
DA:169,0
DA:170,0
DA:171,0
DA:172,0
DA:173,0
DA:180,0
DA:181,0
DA:183,0
DA:184,0
DA:186,0
DA:193,0
DA:194,0
DA:195,0
DA:196,0
DA:203,0
DA:204,0
DA:205,0
DA:206,0
DA:207,0
DA:208,0
DA:210,0
DA:211,0
DA:212,0
DA:213,0
DA:215,0
DA:218,0
DA:219,0
DA:221,0
DA:222,0
DA:223,0
DA:227,0
DA:228,0
DA:230,0
DA:237,0
DA:238,0
DA:239,0
DA:243,0
DA:244,0
DA:245,0
DA:246,0
DA:247,0
DA:251,0
DA:252,0
DA:253,0
DA:258,0
DA:259,0
DA:260,0
DA:261,0
DA:262,0
DA:263,0
DA:266,0
DA:267,0
DA:271,0
DA:275,0
DA:276,0
DA:277,0
DA:281,0
DA:282,0
DA:283,0
DA:288,0
DA:292,0
DA:296,0
DA:300,0
DA:304,0
DA:308,0
DA:309,0
DA:310,0
DA:311,0
DA:312,0
DA:313,0
DA:314,0
DA:315,0
DA:317,0
DA:321,0
DA:325,0
DA:329,0
DA:333,0
DA:337,0
DA:341,0
DA:345,0
DA:349,0
DA:350,0
DA:358,0
DA:359,0
DA:367,0
DA:368,0
DA:372,0
DA:373,0
DA:377,0
DA:378,0
DA:382,0
DA:383,0
DA:384,0
DA:386,0
DA:387,0
DA:392,0
DA:396,0
DA:400,0
LF:145
LH:14
BRDA:57,1,0,0
BRDA:57,1,1,0
BRDA:121,2,0,0
BRDA:121,2,1,0
BRDA:122,3,0,0
BRDA:122,3,1,0
BRDA:129,4,0,0
BRDA:129,4,1,0
BRDA:133,5,0,0
BRDA:133,5,1,0
BRDA:137,6,0,0
BRDA:137,6,1,0
BRDA:140,7,0,0
BRDA:140,7,1,0
BRDA:142,8,0,0
BRDA:142,8,1,0
BRDA:157,9,0,0
BRDA:157,9,1,0
BRDA:158,10,0,0
BRDA:158,10,1,0
BRDA:169,11,0,0
BRDA:169,11,1,0
BRDA:171,12,0,0
BRDA:171,12,1,0
BRDA:172,13,0,0
BRDA:172,13,1,0
BRDA:173,14,0,0
BRDA:173,14,1,0
BRDA:194,15,0,0
BRDA:194,15,1,0
BRDA:206,16,0,0
BRDA:206,16,1,0
BRDA:210,17,0,0
BRDA:210,17,1,0
BRDA:212,18,0,0
BRDA:212,18,1,0
BRDA:218,19,0,0
BRDA:218,19,1,0
BRDA:222,20,0,0
BRDA:222,20,1,0
BRDA:238,21,0,0
BRDA:238,21,1,0
BRDA:239,22,0,0
BRDA:239,22,1,0
BRDA:251,23,0,0
BRDA:251,23,1,0
BRDA:252,24,0,0
BRDA:252,24,1,0
BRDA:261,25,0,0
BRDA:261,25,1,0
BRDA:262,26,0,0
BRDA:262,26,1,0
BRDA:266,27,0,0
BRDA:266,27,1,0
BRDA:283,28,0,0
BRDA:283,28,1,0
BRDA:349,29,0,0
BRDA:349,29,1,0
BRDA:358,30,0,0
BRDA:358,30,1,0
BRDA:367,31,0,0
BRDA:367,31,1,0
BRDA:372,32,0,0
BRDA:372,32,1,0
BRDA:377,33,0,0
BRDA:377,33,1,0
BRDA:383,34,0,0
BRDA:383,34,1,0
BRF:68
BRH:0
end_of_record
TN:
SF:D:\work\kaki-mono.sol\contracts\ticketV1\interface\IOpenBox.sol
FNF:0
FNH:0
LF:0
LH:0
BRF:0
BRH:0
end_of_record
TN:
SF:D:\work\kaki-mono.sol\contracts\ticketV1\interface\ITicket.sol
FNF:0
FNH:0
LF:0
LH:0
BRF:0
BRH:0
end_of_record
TN:
SF:D:\work\kaki-mono.sol\contracts\ticketV1\OpenBox.sol
FN:33,initialize
FN:47,isAble
FN:52,isClaimOver
FN:57,claim
FN:66,buyTicket
FN:77,setTicketPrice
FN:81,setERC721
FN:85,setInvalidTime
FN:89,setClaimWhiteList
FN:93,setClaimAble
FN:97,setAble
FN:101,setClaimLimit
FN:106,clearClaimLimit
FN:114,setFoundAdd
FN:119,setSquidFoundAdd
FN:124,setSquidCoinBaseAdd
FN:131,getClaimLimit
FN:135,version
FNF:18
FNH:1
FNDA:3,initialize
FNDA:0,isAble
FNDA:0,isClaimOver
FNDA:0,claim
FNDA:0,buyTicket
FNDA:0,setTicketPrice
FNDA:0,setERC721
FNDA:0,setInvalidTime
FNDA:0,setClaimWhiteList
FNDA:0,setClaimAble
FNDA:0,setAble
FNDA:0,setClaimLimit
FNDA:0,clearClaimLimit
FNDA:0,setFoundAdd
FNDA:0,setSquidFoundAdd
FNDA:0,setSquidCoinBaseAdd
FNDA:0,getClaimLimit
FNDA:0,version
DA:34,3
DA:35,3
DA:36,3
DA:37,3
DA:38,3
DA:39,3
DA:40,3
DA:41,3
DA:42,3
DA:43,3
DA:44,3
DA:48,0
DA:49,0
DA:53,0
DA:54,0
DA:58,0
DA:59,0
DA:60,0
DA:61,0
DA:62,0
DA:63,0
DA:67,0
DA:68,0
DA:69,0
DA:70,0
DA:71,0
DA:73,0
DA:78,0
DA:82,0
DA:86,0
DA:90,0
DA:94,0
DA:98,0
DA:102,0
DA:103,0
DA:107,0
DA:108,0
DA:109,0
DA:115,0
DA:116,0
DA:120,0
DA:121,0
DA:125,0
DA:126,0
DA:132,0
DA:136,0
LF:46
LH:11
BRDA:48,1,0,0
BRDA:48,1,1,0
BRDA:53,2,0,0
BRDA:53,2,1,0
BRDA:58,3,0,0
BRDA:58,3,1,0
BRDA:59,4,0,0
BRDA:59,4,1,0
BRDA:67,5,0,0
BRDA:67,5,1,0
BRDA:68,6,0,0
BRDA:68,6,1,0
BRDA:102,7,0,0
BRDA:102,7,1,0
BRDA:108,8,0,0
BRDA:108,8,1,0
BRDA:115,9,0,0
BRDA:115,9,1,0
BRDA:120,10,0,0
BRDA:120,10,1,0
BRDA:125,11,0,0
BRDA:125,11,1,0
BRF:22
BRH:0
end_of_record
TN:
SF:D:\work\kaki-mono.sol\contracts\ticketV1\Ticket.sol
FN:9,initialize
FN:19,mint
FN:34,getTicketInfo
FN:38,getUserTokenInfo
FN:46,setInvalidTime
FN:52,version
FNF:6
FNH:1
FNDA:3,initialize
FNDA:0,mint
FNDA:0,getTicketInfo
FNDA:0,getUserTokenInfo
FNDA:0,setInvalidTime
FNDA:0,version
DA:10,3
DA:20,0
DA:21,0
DA:22,0
DA:31,0
DA:35,0
DA:39,0
DA:40,0
DA:41,0
DA:42,0
DA:47,0
DA:48,0
DA:53,0
LF:13
LH:1
BRF:0
BRH:0
end_of_record
TN:
SF:D:\work\kaki-mono.sol\contracts\ticketV2\BlindBox.sol
FN:32,onERC721Received
FN:41,initialize
FN:59,isAble
FN:64,onlyNoneContract
FN:69,aBoxOpen
FN:76,bBoxOpen
FN:91,combine
FN:126,setSTicketProb
FN:130,setABoxPrice
FN:134,setBBoxPrice
FN:138,setERC721
FN:142,setSquidFoundAdd
FN:147,setSquidCoinBaseAdd
FN:152,setAble
FNF:14
FNH:7
FNDA:0,onERC721Received
FNDA:3,initialize
FNDA:88,isAble
FNDA:16,onlyNoneContract
FNDA:14,aBoxOpen
FNDA:56,bBoxOpen
FNDA:16,combine
FNDA:0,setSTicketProb
FNDA:0,setABoxPrice
FNDA:0,setBBoxPrice
FNDA:0,setERC721
FNDA:0,setSquidFoundAdd
FNDA:0,setSquidCoinBaseAdd
FNDA:12,setAble
DA:38,0
DA:42,3
DA:43,3
DA:44,3
DA:45,3
DA:46,3
DA:47,3
DA:48,3
DA:49,3
DA:50,3
DA:51,3
DA:52,3
DA:53,3
DA:54,3
DA:55,3
DA:56,3
DA:60,88
DA:61,86
DA:65,16
DA:66,16
DA:70,14
DA:71,14
DA:72,14
DA:73,9
DA:77,56
DA:78,56
DA:79,56
DA:81,56
DA:82,28
DA:84,14
DA:85,14
DA:87,14
DA:92,16
DA:94,15
DA:95,15
DA:96,15
DA:98,15
DA:99,45
DA:100,45
DA:101,45
DA:102,45
DA:105,15
DA:107,15
DA:108,45
DA:109,45
DA:112,15
DA:113,15
DA:114,15
DA:116,15
DA:117,45
DA:120,15
DA:121,15
DA:127,0
DA:131,0
DA:135,0
DA:139,0
DA:143,0
DA:144,0
DA:148,0
DA:149,0
DA:153,12
LF:61
LH:52
BRDA:60,1,0,86
BRDA:60,1,1,2
BRDA:65,2,0,16
BRDA:65,2,1,0
BRDA:81,3,0,28
BRDA:81,3,1,28
BRDA:83,4,0,14
BRDA:83,4,1,14
BRDA:92,5,0,15
BRDA:92,5,1,1
BRDA:99,6,0,45
BRDA:99,6,1,0
BRDA:108,7,0,45
BRDA:108,7,1,0
BRDA:112,8,0,15
BRDA:112,8,1,0
BRDA:120,9,0,15
BRDA:120,9,1,0
BRDA:143,10,0,0
BRDA:143,10,1,0
BRDA:148,11,0,0
BRDA:148,11,1,0
BRF:22
BRH:13
end_of_record
TN:
SF:D:\work\kaki-mono.sol\contracts\ticketV2\KakiTicket.sol
FN:9,initialize
FN:20,mint
FN:30,getTicketInfo
FNF:3
FNH:3
FNDA:3,initialize
FNDA:184,mint
FNDA:405,getTicketInfo
DA:10,3
DA:11,3
DA:21,184
DA:22,184
DA:23,184
DA:24,184
DA:25,180
DA:26,180
DA:27,170
DA:31,405
LF:10
LH:10
BRF:0
BRH:0
end_of_record
TN:
SF:D:\work\kaki-mono.sol\contracts\zap\Zap.sol
FN:20,initialize
FN:31,zapInToken
FN:54,zapIn
FN:58,zapOut
FN:81,_approveTokenIfNeeded
FN:87,_swapBNBToLp
FN:113,_swapBNBForToken
FN:123,_swapTokenForBNB
FN:133,_swap
FN:150,_safeSwapToBNB
FN:163,isLP
FN:168,setNotLP
FN:176,removeToken
FN:183,cleanLeft
FN:194,setFoundation
FNF:15
FNH:0
FNDA:0,initialize
FNDA:0,zapInToken
FNDA:0,zapIn
FNDA:0,zapOut
FNDA:0,_approveTokenIfNeeded
FNDA:0,_swapBNBToLp
FNDA:0,_swapBNBForToken
FNDA:0,_swapTokenForBNB
FNDA:0,_swap
FNDA:0,_safeSwapToBNB
FNDA:0,isLP
FNDA:0,setNotLP
FNDA:0,removeToken
FNDA:0,cleanLeft
FNDA:0,setFoundation
DA:21,0
DA:22,0
DA:23,0
DA:24,0
DA:25,0
DA:26,0
DA:32,0
DA:33,0
DA:34,0
DA:35,0
DA:36,0
DA:37,0
DA:38,0
DA:39,0
DA:40,0
DA:41,0
DA:42,0
DA:43,0
DA:44,0
DA:46,0
DA:47,0
DA:50,0
DA:55,0
DA:59,0
DA:60,0
DA:62,0
DA:63,0
DA:65,0
DA:66,0
DA:67,0
DA:69,0
DA:70,0
DA:73,0
DA:74,0
DA:76,0
DA:82,0
DA:83,0
DA:88,0
DA:89,0
DA:91,0
DA:92,0
DA:93,0
DA:94,0
DA:95,0
DA:96,0
DA:97,0
DA:98,0
DA:99,0
DA:100,0
DA:102,0
DA:103,0
DA:104,0
DA:105,0
DA:106,0
DA:107,0
DA:108,0
DA:114,0
DA:115,0
DA:116,0
DA:117,0
DA:119,0
DA:120,0
DA:124,0
DA:125,0
DA:126,0
DA:127,0
DA:129,0
DA:130,0
DA:134,0
DA:135,0
DA:136,0
DA:137,0
DA:138,0
DA:140,0
DA:141,0
DA:142,0
DA:143,0
DA:146,0
DA:147,0
DA:151,0
DA:152,0
DA:154,0
DA:155,0
DA:156,0
DA:157,0
DA:159,0
DA:164,0
DA:169,0
DA:170,0
DA:171,0
DA:173,0
DA:177,0
DA:178,0
DA:179,0
DA:180,0
DA:184,0
DA:185,0
DA:186,0
DA:187,0
DA:188,0
DA:189,0
DA:195,0
DA:196,0
LF:103
LH:0
BRDA:34,1,0,0
BRDA:34,1,1,0
BRDA:38,2,0,0
BRDA:38,2,1,0
BRDA:62,3,0,0
BRDA:62,3,1,0
BRDA:69,4,0,0
BRDA:69,4,1,0
BRDA:73,5,0,0
BRDA:73,5,1,0
BRDA:82,6,0,0
BRDA:82,6,1,0
BRDA:88,7,0,0
BRDA:88,7,1,0
BRDA:94,8,0,0
BRDA:94,8,1,0
BRDA:135,9,0,0
BRDA:135,9,1,0
BRDA:151,10,0,0
BRDA:151,10,1,0
BRDA:157,11,0,0
BRDA:157,11,1,0
BRDA:169,12,0,0
BRDA:169,12,1,0
BRDA:170,13,0,0
BRDA:170,13,1,0
BRDA:186,14,0,0
BRDA:186,14,1,0
BRDA:188,15,0,0
BRDA:188,15,1,0
BRDA:195,16,0,0
BRDA:195,16,1,0
BRF:32
BRH:0
end_of_record
